<?xml version="1.0" encoding="UTF-8"?>
<!-- Generated by org.testng.reporters.JUnitXMLReporter -->
<testsuite ignored="0" hostname="DESKTOP-5TV9RKF" failures="6" tests="12" name="Test1" time="334.677" errors="0" timestamp="2024-04-02T11:49:19 EEST">
  <testcase classname="FooterTest" name="isEnabledPrivatePolicyTest" time="0.202"/>
  <testcase classname="FooterTest" name="isEnabledSiteMapTest" time="0.097">
    <failure type="org.openqa.selenium.NoSuchElementException" message="Site map link is not found">
      <![CDATA[org.openqa.selenium.NoSuchElementException: Site map link is not found
at pages.FooterPage.isEnabledSiteMap(FooterPage.java:55)
at FooterTest.isEnabledSiteMapTest(FooterTest.java:35)
at java.base/java.util.concurrent.ThreadPoolExecutor.runWorker(ThreadPoolExecutor.java:1136)
at java.base/java.util.concurrent.ThreadPoolExecutor$Worker.run(ThreadPoolExecutor.java:635)
at java.base/java.lang.Thread.run(Thread.java:833)
Caused by: org.openqa.selenium.NoSuchElementException: no such element: Unable to locate element: {"method":"xpath","selector":"//a[contains(@href,'sitemap') or contains(text(),'Сайтмап') or contains(text(),'Sitemap')]"}
  (Session info: chrome=123.0.6312.86)
For documentation on this error, please visit: https://www.selenium.dev/documentation/webdriver/troubleshooting/errors#no-such-element-exception
Build info: version: '4.10.0', revision: 'c14d967899'
System info: os.name: 'Windows 11', os.arch: 'amd64', os.version: '10.0', java.version: '17.0.7'
Driver info: org.openqa.selenium.chrome.ChromeDriver
Command: [04112621a076993ae30b9ddc539b8e50, findElement {using=xpath, value=//a[contains(@href,'sitemap') or contains(text(),'Сайтмап') or contains(text(),'Sitemap')]}]
Capabilities {acceptInsecureCerts: false, browserName: chrome, browserVersion: 123.0.6312.86, chrome: {chromedriverVersion: 123.0.6312.86 (9b72c47a0536..., userDataDir: C:\Users\Aguka\AppData\Loca...}, fedcm:accounts: true, goog:chromeOptions: {debuggerAddress: localhost:51456}, networkConnectionEnabled: false, pageLoadStrategy: normal, platformName: windows, proxy: Proxy(), se:cdp: ws://localhost:51456/devtoo..., se:cdpVersion: 123.0.6312.86, setWindowRect: true, strictFileInteractability: false, timeouts: {implicit: 0, pageLoad: 300000, script: 30000}, unhandledPromptBehavior: dismiss and notify, webauthn:extension:credBlob: true, webauthn:extension:largeBlob: true, webauthn:extension:minPinLength: true, webauthn:extension:prf: true, webauthn:virtualAuthenticators: true}
Session ID: 04112621a076993ae30b9ddc539b8e50
at org.openqa.selenium.remote.codec.w3c.W3CHttpResponseCodec.createException(W3CHttpResponseCodec.java:199)
at org.openqa.selenium.remote.codec.w3c.W3CHttpResponseCodec.decode(W3CHttpResponseCodec.java:132)
at org.openqa.selenium.remote.codec.w3c.W3CHttpResponseCodec.decode(W3CHttpResponseCodec.java:51)
at org.openqa.selenium.remote.HttpCommandExecutor.execute(HttpCommandExecutor.java:191)
at org.openqa.selenium.remote.service.DriverCommandExecutor.invokeExecute(DriverCommandExecutor.java:196)
at org.openqa.selenium.remote.service.DriverCommandExecutor.execute(DriverCommandExecutor.java:171)
at org.openqa.selenium.remote.RemoteWebDriver.execute(RemoteWebDriver.java:531)
at org.openqa.selenium.remote.ElementLocation$ElementFinder$2.findElement(ElementLocation.java:165)
at org.openqa.selenium.remote.ElementLocation.findElement(ElementLocation.java:59)
at org.openqa.selenium.remote.RemoteWebDriver.findElement(RemoteWebDriver.java:350)
at org.openqa.selenium.remote.RemoteWebDriver.findElement(RemoteWebDriver.java:344)
at org.openqa.selenium.support.pagefactory.DefaultElementLocator.findElement(DefaultElementLocator.java:68)
at org.openqa.selenium.support.pagefactory.internal.LocatingElementHandler.invoke(LocatingElementHandler.java:38)
at jdk.proxy2/jdk.proxy2.$Proxy21.isDisplayed(Unknown Source)
at pages.FooterPage.isEnabledSiteMap(FooterPage.java:53)
... 16 more
... Removed 17 stack frames]]>
    </failure>
  </testcase> <!-- isEnabledSiteMapTest -->
  <testcase classname="FooterTest" name="isEnabledTermsAndConditionsTest" time="0.05">
    <failure type="org.openqa.selenium.NoSuchElementException" message="Terms and conditions link is not found">
      <![CDATA[org.openqa.selenium.NoSuchElementException: Terms and conditions link is not found
at pages.FooterPage.isEnabledTermsAndConditions(FooterPage.java:46)
at FooterTest.isEnabledTermsAndConditionsTest(FooterTest.java:26)
at java.base/java.util.concurrent.ThreadPoolExecutor.runWorker(ThreadPoolExecutor.java:1136)
at java.base/java.util.concurrent.ThreadPoolExecutor$Worker.run(ThreadPoolExecutor.java:635)
at java.base/java.lang.Thread.run(Thread.java:833)
Caused by: org.openqa.selenium.NoSuchElementException: no such element: Unable to locate element: {"method":"xpath","selector":"//a[contains(@href,'terms-of-service') or contains(text(),'Умови користування веб-сайтом') or contains(text(),'Terms of Service')]"}
  (Session info: chrome=123.0.6312.86)
For documentation on this error, please visit: https://www.selenium.dev/documentation/webdriver/troubleshooting/errors#no-such-element-exception
Build info: version: '4.10.0', revision: 'c14d967899'
System info: os.name: 'Windows 11', os.arch: 'amd64', os.version: '10.0', java.version: '17.0.7'
Driver info: org.openqa.selenium.chrome.ChromeDriver
Command: [4593f3d5df4890b2780f061f768682b0, findElement {using=xpath, value=//a[contains(@href,'terms-of-service') or contains(text(),'Умови користування веб-сайтом') or contains(text(),'Terms of Service')]}]
Capabilities {acceptInsecureCerts: false, browserName: chrome, browserVersion: 123.0.6312.86, chrome: {chromedriverVersion: 123.0.6312.86 (9b72c47a0536..., userDataDir: C:\Users\Aguka\AppData\Loca...}, fedcm:accounts: true, goog:chromeOptions: {debuggerAddress: localhost:51483}, networkConnectionEnabled: false, pageLoadStrategy: normal, platformName: windows, proxy: Proxy(), se:cdp: ws://localhost:51483/devtoo..., se:cdpVersion: 123.0.6312.86, setWindowRect: true, strictFileInteractability: false, timeouts: {implicit: 0, pageLoad: 300000, script: 30000}, unhandledPromptBehavior: dismiss and notify, webauthn:extension:credBlob: true, webauthn:extension:largeBlob: true, webauthn:extension:minPinLength: true, webauthn:extension:prf: true, webauthn:virtualAuthenticators: true}
Session ID: 4593f3d5df4890b2780f061f768682b0
at org.openqa.selenium.remote.codec.w3c.W3CHttpResponseCodec.createException(W3CHttpResponseCodec.java:199)
at org.openqa.selenium.remote.codec.w3c.W3CHttpResponseCodec.decode(W3CHttpResponseCodec.java:132)
at org.openqa.selenium.remote.codec.w3c.W3CHttpResponseCodec.decode(W3CHttpResponseCodec.java:51)
at org.openqa.selenium.remote.HttpCommandExecutor.execute(HttpCommandExecutor.java:191)
at org.openqa.selenium.remote.service.DriverCommandExecutor.invokeExecute(DriverCommandExecutor.java:196)
at org.openqa.selenium.remote.service.DriverCommandExecutor.execute(DriverCommandExecutor.java:171)
at org.openqa.selenium.remote.RemoteWebDriver.execute(RemoteWebDriver.java:531)
at org.openqa.selenium.remote.ElementLocation$ElementFinder$2.findElement(ElementLocation.java:165)
at org.openqa.selenium.remote.ElementLocation.findElement(ElementLocation.java:59)
at org.openqa.selenium.remote.RemoteWebDriver.findElement(RemoteWebDriver.java:350)
at org.openqa.selenium.remote.RemoteWebDriver.findElement(RemoteWebDriver.java:344)
at org.openqa.selenium.support.pagefactory.DefaultElementLocator.findElement(DefaultElementLocator.java:68)
at org.openqa.selenium.support.pagefactory.internal.LocatingElementHandler.invoke(LocatingElementHandler.java:38)
at jdk.proxy2/jdk.proxy2.$Proxy21.isDisplayed(Unknown Source)
at pages.FooterPage.isEnabledTermsAndConditions(FooterPage.java:44)
... 16 more
... Removed 17 stack frames]]>
    </failure>
  </testcase> <!-- isEnabledTermsAndConditionsTest -->
  <testcase classname="FooterTest" name="isPresentSearchInputOnHomePageTest" time="0.061"/>
  <testcase classname="VisualTest" name="testWebsiteLayout" time="1.251"/>
  <testcase classname="FirstTest" name="checkH1ShouldBeOneTest" time="150.864">
    <failure type="java.lang.AssertionError" message="The following asserts failed:
	Кількість тегів &amp;lt;h1&amp;gt; на сторінці https://piddubnyi.devocean.pro/#popup-menu не дорівнює одному expected [1] but found [2],
	Кількість тегів &amp;lt;h1&amp;gt; на сторінці https://piddubnyi.devocean.pro не дорівнює одному expected [1] but found [2],
	Кількість тегів &amp;lt;h1&amp;gt; на сторінці https://piddubnyi.devocean.pro/#page-main не дорівнює одному expected [1] but found [2],
	Кількість тегів &amp;lt;h1&amp;gt; на сторінці https://piddubnyi.devocean.pro/#popup-mini-cart не дорівнює одному expected [1] but found [2],
	Кількість тегів &amp;lt;h1&amp;gt; на сторінці https://piddubnyi.devocean.pro/# не дорівнює одному expected [1] but found [2],
	Кількість тегів &amp;lt;h1&amp;gt; на сторінці https://piddubnyi.devocean.pro/blog не дорівнює одному expected [1] but found [0]">
      <![CDATA[java.lang.AssertionError: The following asserts failed:
Кількість тегів <h1> на сторінці https://piddubnyi.devocean.pro/#popup-menu не дорівнює одному expected [1] but found [2],
Кількість тегів <h1> на сторінці https://piddubnyi.devocean.pro не дорівнює одному expected [1] but found [2],
Кількість тегів <h1> на сторінці https://piddubnyi.devocean.pro/#page-main не дорівнює одному expected [1] but found [2],
Кількість тегів <h1> на сторінці https://piddubnyi.devocean.pro/#popup-mini-cart не дорівнює одному expected [1] but found [2],
Кількість тегів <h1> на сторінці https://piddubnyi.devocean.pro/# не дорівнює одному expected [1] but found [2],
Кількість тегів <h1> на сторінці https://piddubnyi.devocean.pro/blog не дорівнює одному expected [1] but found [0]
at FirstTest.checkH1ShouldBeOneTest(FirstTest.java:38)
at java.base/java.util.concurrent.ThreadPoolExecutor.runWorker(ThreadPoolExecutor.java:1136)
at java.base/java.util.concurrent.ThreadPoolExecutor$Worker.run(ThreadPoolExecutor.java:635)
at java.base/java.lang.Thread.run(Thread.java:833)
... Removed 14 stack frames]]>
    </failure>
  </testcase> <!-- checkH1ShouldBeOneTest -->
  <testcase classname="FirstTest" name="checkShouldNotHaveHorizontalScrollbar" time="0.015"/>
  <testcase classname="FirstTest" name="getAllUrl" time="2.978"/>
  <testcase classname="FirstTest" name="isPresentContactUsPage" time="2.136">
    <failure type="java.lang.AssertionError" message="expected [vhvhj] but found [КОНТАКТИ]">
      <![CDATA[java.lang.AssertionError: expected [vhvhj] but found [КОНТАКТИ]
at FirstTest.isPresentContactUsPage(FirstTest.java:70)
at java.base/java.util.concurrent.ThreadPoolExecutor.runWorker(ThreadPoolExecutor.java:1136)
at java.base/java.util.concurrent.ThreadPoolExecutor$Worker.run(ThreadPoolExecutor.java:635)
at java.base/java.lang.Thread.run(Thread.java:833)
... Removed 18 stack frames]]>
    </failure>
  </testcase> <!-- isPresentContactUsPage -->
  <testcase classname="FirstTest" name="isPresentLorenIpsonTest" time="145.766">
    <failure type="java.lang.AssertionError" message="expected [false] but found [true]">
      <![CDATA[java.lang.AssertionError: expected [false] but found [true]
at FirstTest.isPresentLorenIpsonTest(FirstTest.java:61)
at java.base/java.util.concurrent.ThreadPoolExecutor.runWorker(ThreadPoolExecutor.java:1136)
at java.base/java.util.concurrent.ThreadPoolExecutor$Worker.run(ThreadPoolExecutor.java:635)
at java.base/java.lang.Thread.run(Thread.java:833)
... Removed 16 stack frames]]>
    </failure>
  </testcase> <!-- isPresentLorenIpsonTest -->
  <testcase classname="FirstTest" name="isPresentSearchPageTest" time="3.237"/>
  <testcase classname="FirstTest" name="isPresentValueAttributeAltImg" time="1.01">
    <failure type="java.lang.AssertionError" message="expected [true] but found [false]">
      <![CDATA[java.lang.AssertionError: expected [true] but found [false]
at FirstTest.isPresentValueAttributeAltImg(FirstTest.java:53)
at java.base/java.util.concurrent.ThreadPoolExecutor.runWorker(ThreadPoolExecutor.java:1136)
at java.base/java.util.concurrent.ThreadPoolExecutor$Worker.run(ThreadPoolExecutor.java:635)
at java.base/java.lang.Thread.run(Thread.java:833)
... Removed 16 stack frames]]>
    </failure>
  </testcase> <!-- isPresentValueAttributeAltImg -->
</testsuite> <!-- Test1 -->
