<?xml version="1.0" encoding="UTF-8"?>
<testsuite xmlns:xsi="http://www.w3.org/2001/XMLSchema-instance" xsi:noNamespaceSchemaLocation="https://maven.apache.org/surefire/maven-surefire-plugin/xsd/surefire-test-report-3.0.xsd" version="3.0" name="TestSuite" time="335.856" tests="12" errors="0" skipped="0" failures="6">
  <properties>
    <property name="java.specification.version" value="17"/>
    <property name="browser.type" value="CHROME"/>
    <property name="webdriver.chrome.driver" value="C:\Users\Aguka\.cache\selenium\chromedriver\win64\123.0.6312.86\chromedriver.exe"/>
    <property name="sun.cpu.isalist" value="amd64"/>
    <property name="sun.jnu.encoding" value="Cp1251"/>
    <property name="java.class.path" value="C:\Users\Aguka\autoTesting\target\test-classes;C:\Users\Aguka\autoTesting\target\classes;C:\Users\Aguka\.m2\repository\io\github\bonigarcia\webdrivermanager\5.6.3\webdrivermanager-5.6.3.jar;C:\Users\Aguka\.m2\repository\org\slf4j\slf4j-api\2.0.10\slf4j-api-2.0.10.jar;C:\Users\Aguka\.m2\repository\com\google\code\gson\gson\2.10.1\gson-2.10.1.jar;C:\Users\Aguka\.m2\repository\com\github\docker-java\docker-java\3.3.4\docker-java-3.3.4.jar;C:\Users\Aguka\.m2\repository\com\github\docker-java\docker-java-core\3.3.4\docker-java-core-3.3.4.jar;C:\Users\Aguka\.m2\repository\com\github\docker-java\docker-java-api\3.3.4\docker-java-api-3.3.4.jar;C:\Users\Aguka\.m2\repository\com\fasterxml\jackson\core\jackson-annotations\2.10.3\jackson-annotations-2.10.3.jar;C:\Users\Aguka\.m2\repository\com\fasterxml\jackson\core\jackson-databind\2.10.3\jackson-databind-2.10.3.jar;C:\Users\Aguka\.m2\repository\com\fasterxml\jackson\core\jackson-core\2.10.3\jackson-core-2.10.3.jar;C:\Users\Aguka\.m2\repository\org\bouncycastle\bcpkix-jdk18on\1.76\bcpkix-jdk18on-1.76.jar;C:\Users\Aguka\.m2\repository\org\bouncycastle\bcprov-jdk18on\1.76\bcprov-jdk18on-1.76.jar;C:\Users\Aguka\.m2\repository\org\bouncycastle\bcutil-jdk18on\1.76\bcutil-jdk18on-1.76.jar;C:\Users\Aguka\.m2\repository\org\slf4j\jcl-over-slf4j\1.7.30\jcl-over-slf4j-1.7.30.jar;C:\Users\Aguka\.m2\repository\com\github\docker-java\docker-java-transport-httpclient5\3.3.4\docker-java-transport-httpclient5-3.3.4.jar;C:\Users\Aguka\.m2\repository\com\github\docker-java\docker-java-transport\3.3.4\docker-java-transport-3.3.4.jar;C:\Users\Aguka\.m2\repository\net\java\dev\jna\jna\5.13.0\jna-5.13.0.jar;C:\Users\Aguka\.m2\repository\org\brotli\dec\0.1.2\dec-0.1.2.jar;C:\Users\Aguka\.m2\repository\org\apache\commons\commons-lang3\3.14.0\commons-lang3-3.14.0.jar;C:\Users\Aguka\.m2\repository\org\apache\commons\commons-compress\1.25.0\commons-compress-1.25.0.jar;C:\Users\Aguka\.m2\repository\org\apache\httpcomponents\client5\httpclient5\5.2.1\httpclient5-5.2.1.jar;C:\Users\Aguka\.m2\repository\org\apache\httpcomponents\core5\httpcore5\5.2\httpcore5-5.2.jar;C:\Users\Aguka\.m2\repository\org\apache\httpcomponents\core5\httpcore5-h2\5.2\httpcore5-h2-5.2.jar;C:\Users\Aguka\.m2\repository\org\assertj\assertj-core\3.18.1\assertj-core-3.18.1.jar;C:\Users\Aguka\.m2\repository\org\testng\testng\7.7.1\testng-7.7.1.jar;C:\Users\Aguka\.m2\repository\com\beust\jcommander\1.82\jcommander-1.82.jar;C:\Users\Aguka\.m2\repository\org\webjars\jquery\3.6.1\jquery-3.6.1.jar;C:\Users\Aguka\.m2\repository\org\seleniumhq\selenium\selenium-java\4.10.0\selenium-java-4.10.0.jar;C:\Users\Aguka\.m2\repository\org\seleniumhq\selenium\selenium-api\4.10.0\selenium-api-4.10.0.jar;C:\Users\Aguka\.m2\repository\org\seleniumhq\selenium\selenium-chrome-driver\4.10.0\selenium-chrome-driver-4.10.0.jar;C:\Users\Aguka\.m2\repository\com\google\auto\service\auto-service-annotations\1.0.1\auto-service-annotations-1.0.1.jar;C:\Users\Aguka\.m2\repository\com\google\auto\service\auto-service\1.0.1\auto-service-1.0.1.jar;C:\Users\Aguka\.m2\repository\com\google\auto\auto-common\1.2\auto-common-1.2.jar;C:\Users\Aguka\.m2\repository\com\google\guava\guava\31.1-jre\guava-31.1-jre.jar;C:\Users\Aguka\.m2\repository\com\google\guava\failureaccess\1.0.1\failureaccess-1.0.1.jar;C:\Users\Aguka\.m2\repository\com\google\guava\listenablefuture\9999.0-empty-to-avoid-conflict-with-guava\listenablefuture-9999.0-empty-to-avoid-conflict-with-guava.jar;C:\Users\Aguka\.m2\repository\com\google\code\findbugs\jsr305\3.0.2\jsr305-3.0.2.jar;C:\Users\Aguka\.m2\repository\org\checkerframework\checker-qual\3.12.0\checker-qual-3.12.0.jar;C:\Users\Aguka\.m2\repository\com\google\errorprone\error_prone_annotations\2.11.0\error_prone_annotations-2.11.0.jar;C:\Users\Aguka\.m2\repository\com\google\j2objc\j2objc-annotations\1.3\j2objc-annotations-1.3.jar;C:\Users\Aguka\.m2\repository\org\seleniumhq\selenium\selenium-chromium-driver\4.10.0\selenium-chromium-driver-4.10.0.jar;C:\Users\Aguka\.m2\repository\org\seleniumhq\selenium\selenium-json\4.10.0\selenium-json-4.10.0.jar;C:\Users\Aguka\.m2\repository\org\seleniumhq\selenium\selenium-manager\4.10.0\selenium-manager-4.10.0.jar;C:\Users\Aguka\.m2\repository\org\seleniumhq\selenium\selenium-devtools-v112\4.10.0\selenium-devtools-v112-4.10.0.jar;C:\Users\Aguka\.m2\repository\org\seleniumhq\selenium\selenium-devtools-v113\4.10.0\selenium-devtools-v113-4.10.0.jar;C:\Users\Aguka\.m2\repository\org\seleniumhq\selenium\selenium-devtools-v114\4.10.0\selenium-devtools-v114-4.10.0.jar;C:\Users\Aguka\.m2\repository\org\seleniumhq\selenium\selenium-devtools-v85\4.10.0\selenium-devtools-v85-4.10.0.jar;C:\Users\Aguka\.m2\repository\org\seleniumhq\selenium\selenium-edge-driver\4.10.0\selenium-edge-driver-4.10.0.jar;C:\Users\Aguka\.m2\repository\org\seleniumhq\selenium\selenium-firefox-driver\4.10.0\selenium-firefox-driver-4.10.0.jar;C:\Users\Aguka\.m2\repository\org\seleniumhq\selenium\selenium-http\4.10.0\selenium-http-4.10.0.jar;C:\Users\Aguka\.m2\repository\dev\failsafe\failsafe\3.3.1\failsafe-3.3.1.jar;C:\Users\Aguka\.m2\repository\org\seleniumhq\selenium\selenium-ie-driver\4.10.0\selenium-ie-driver-4.10.0.jar;C:\Users\Aguka\.m2\repository\org\seleniumhq\selenium\selenium-remote-driver\4.10.0\selenium-remote-driver-4.10.0.jar;C:\Users\Aguka\.m2\repository\io\netty\netty-buffer\4.1.92.Final\netty-buffer-4.1.92.Final.jar;C:\Users\Aguka\.m2\repository\io\netty\netty-codec-http\4.1.92.Final\netty-codec-http-4.1.92.Final.jar;C:\Users\Aguka\.m2\repository\io\netty\netty-codec\4.1.92.Final\netty-codec-4.1.92.Final.jar;C:\Users\Aguka\.m2\repository\io\netty\netty-handler\4.1.92.Final\netty-handler-4.1.92.Final.jar;C:\Users\Aguka\.m2\repository\io\netty\netty-common\4.1.92.Final\netty-common-4.1.92.Final.jar;C:\Users\Aguka\.m2\repository\io\netty\netty-transport-classes-epoll\4.1.92.Final\netty-transport-classes-epoll-4.1.92.Final.jar;C:\Users\Aguka\.m2\repository\io\netty\netty-transport-classes-kqueue\4.1.92.Final\netty-transport-classes-kqueue-4.1.92.Final.jar;C:\Users\Aguka\.m2\repository\io\netty\netty-transport-native-epoll\4.1.92.Final\netty-transport-native-epoll-4.1.92.Final.jar;C:\Users\Aguka\.m2\repository\io\netty\netty-transport-native-kqueue\4.1.92.Final\netty-transport-native-kqueue-4.1.92.Final.jar;C:\Users\Aguka\.m2\repository\io\netty\netty-transport-native-unix-common\4.1.92.Final\netty-transport-native-unix-common-4.1.92.Final.jar;C:\Users\Aguka\.m2\repository\io\netty\netty-transport\4.1.92.Final\netty-transport-4.1.92.Final.jar;C:\Users\Aguka\.m2\repository\io\netty\netty-resolver\4.1.92.Final\netty-resolver-4.1.92.Final.jar;C:\Users\Aguka\.m2\repository\io\opentelemetry\opentelemetry-api\1.26.0\opentelemetry-api-1.26.0.jar;C:\Users\Aguka\.m2\repository\io\opentelemetry\opentelemetry-context\1.26.0\opentelemetry-context-1.26.0.jar;C:\Users\Aguka\.m2\repository\io\opentelemetry\opentelemetry-exporter-logging\1.26.0\opentelemetry-exporter-logging-1.26.0.jar;C:\Users\Aguka\.m2\repository\io\opentelemetry\opentelemetry-sdk-metrics\1.26.0\opentelemetry-sdk-metrics-1.26.0.jar;C:\Users\Aguka\.m2\repository\io\opentelemetry\opentelemetry-extension-incubator\1.26.0-alpha\opentelemetry-extension-incubator-1.26.0-alpha.jar;C:\Users\Aguka\.m2\repository\io\opentelemetry\opentelemetry-sdk-logs\1.26.0-alpha\opentelemetry-sdk-logs-1.26.0-alpha.jar;C:\Users\Aguka\.m2\repository\io\opentelemetry\opentelemetry-api-logs\1.26.0-alpha\opentelemetry-api-logs-1.26.0-alpha.jar;C:\Users\Aguka\.m2\repository\io\opentelemetry\opentelemetry-api-events\1.26.0-alpha\opentelemetry-api-events-1.26.0-alpha.jar;C:\Users\Aguka\.m2\repository\io\opentelemetry\opentelemetry-sdk-common\1.26.0\opentelemetry-sdk-common-1.26.0.jar;C:\Users\Aguka\.m2\repository\io\opentelemetry\opentelemetry-sdk-extension-autoconfigure-spi\1.26.0\opentelemetry-sdk-extension-autoconfigure-spi-1.26.0.jar;C:\Users\Aguka\.m2\repository\io\opentelemetry\opentelemetry-sdk-extension-autoconfigure\1.26.0-alpha\opentelemetry-sdk-extension-autoconfigure-1.26.0-alpha.jar;C:\Users\Aguka\.m2\repository\io\opentelemetry\opentelemetry-sdk-trace\1.26.0\opentelemetry-sdk-trace-1.26.0.jar;C:\Users\Aguka\.m2\repository\io\opentelemetry\opentelemetry-sdk\1.26.0\opentelemetry-sdk-1.26.0.jar;C:\Users\Aguka\.m2\repository\io\opentelemetry\opentelemetry-semconv\1.26.0-alpha\opentelemetry-semconv-1.26.0-alpha.jar;C:\Users\Aguka\.m2\repository\net\bytebuddy\byte-buddy\1.14.4\byte-buddy-1.14.4.jar;C:\Users\Aguka\.m2\repository\org\apache\commons\commons-exec\1.3\commons-exec-1.3.jar;C:\Users\Aguka\.m2\repository\org\asynchttpclient\async-http-client\2.12.3\async-http-client-2.12.3.jar;C:\Users\Aguka\.m2\repository\org\asynchttpclient\async-http-client-netty-utils\2.12.3\async-http-client-netty-utils-2.12.3.jar;C:\Users\Aguka\.m2\repository\io\netty\netty-codec-socks\4.1.60.Final\netty-codec-socks-4.1.60.Final.jar;C:\Users\Aguka\.m2\repository\io\netty\netty-handler-proxy\4.1.60.Final\netty-handler-proxy-4.1.60.Final.jar;C:\Users\Aguka\.m2\repository\io\netty\netty-transport-native-epoll\4.1.60.Final\netty-transport-native-epoll-4.1.60.Final-linux-x86_64.jar;C:\Users\Aguka\.m2\repository\io\netty\netty-transport-native-kqueue\4.1.60.Final\netty-transport-native-kqueue-4.1.60.Final-osx-x86_64.jar;C:\Users\Aguka\.m2\repository\org\reactivestreams\reactive-streams\1.0.3\reactive-streams-1.0.3.jar;C:\Users\Aguka\.m2\repository\com\typesafe\netty\netty-reactive-streams\2.0.4\netty-reactive-streams-2.0.4.jar;C:\Users\Aguka\.m2\repository\com\sun\activation\jakarta.activation\1.2.2\jakarta.activation-1.2.2.jar;C:\Users\Aguka\.m2\repository\org\seleniumhq\selenium\selenium-safari-driver\4.10.0\selenium-safari-driver-4.10.0.jar;C:\Users\Aguka\.m2\repository\org\seleniumhq\selenium\selenium-support\4.10.0\selenium-support-4.10.0.jar;C:\Users\Aguka\.m2\repository\ru\yandex\qatools\ashot\ashot\1.5.4\ashot-1.5.4.jar;C:\Users\Aguka\.m2\repository\commons-io\commons-io\2.5\commons-io-2.5.jar;C:\Users\Aguka\.m2\repository\org\hamcrest\hamcrest-core\1.3\hamcrest-core-1.3.jar;C:\Users\Aguka\.m2\repository\org\projectlombok\lombok\1.18.28\lombok-1.18.28.jar;C:\Users\Aguka\.m2\repository\org\slf4j\slf4j-reload4j\2.0.5\slf4j-reload4j-2.0.5.jar;C:\Users\Aguka\.m2\repository\ch\qos\reload4j\reload4j\1.2.22\reload4j-1.2.22.jar;C:\Users\Aguka\.m2\repository\io\qameta\allure\allure-testng\2.22.0\allure-testng-2.22.0.jar;C:\Users\Aguka\.m2\repository\io\qameta\allure\allure-java-commons\2.22.0\allure-java-commons-2.22.0.jar;C:\Users\Aguka\.m2\repository\io\qameta\allure\allure-model\2.22.0\allure-model-2.22.0.jar;C:\Users\Aguka\.m2\repository\io\qameta\allure\allure-test-filter\2.22.0\allure-test-filter-2.22.0.jar;"/>
    <property name="java.vm.vendor" value="Oracle Corporation"/>
    <property name="sun.arch.data.model" value="64"/>
    <property name="user.variant" value=""/>
    <property name="java.vendor.url" value="https://java.oracle.com/"/>
    <property name="user.timezone" value="Europe/Kiev"/>
    <property name="os.name" value="Windows 11"/>
    <property name="java.vm.specification.version" value="17"/>
    <property name="sun.java.launcher" value="SUN_STANDARD"/>
    <property name="user.country" value="US"/>
    <property name="sun.boot.library.path" value="C:\Program Files\Java\jdk-17\bin"/>
    <property name="sun.java.command" value="C:\Users\Aguka\AppData\Local\Temp\surefire15440550565188444539\surefirebooter-20240402114343101_3.jar C:\Users\Aguka\AppData\Local\Temp\surefire15440550565188444539 2024-04-02T11-43-42_784-jvmRun1 surefire-20240402114343101_1tmp surefire_0-20240402114343101_2tmp"/>
    <property name="jdk.debug" value="release"/>
    <property name="surefire.test.class.path" value="C:\Users\Aguka\autoTesting\target\test-classes;C:\Users\Aguka\autoTesting\target\classes;C:\Users\Aguka\.m2\repository\io\github\bonigarcia\webdrivermanager\5.6.3\webdrivermanager-5.6.3.jar;C:\Users\Aguka\.m2\repository\org\slf4j\slf4j-api\2.0.10\slf4j-api-2.0.10.jar;C:\Users\Aguka\.m2\repository\com\google\code\gson\gson\2.10.1\gson-2.10.1.jar;C:\Users\Aguka\.m2\repository\com\github\docker-java\docker-java\3.3.4\docker-java-3.3.4.jar;C:\Users\Aguka\.m2\repository\com\github\docker-java\docker-java-core\3.3.4\docker-java-core-3.3.4.jar;C:\Users\Aguka\.m2\repository\com\github\docker-java\docker-java-api\3.3.4\docker-java-api-3.3.4.jar;C:\Users\Aguka\.m2\repository\com\fasterxml\jackson\core\jackson-annotations\2.10.3\jackson-annotations-2.10.3.jar;C:\Users\Aguka\.m2\repository\com\fasterxml\jackson\core\jackson-databind\2.10.3\jackson-databind-2.10.3.jar;C:\Users\Aguka\.m2\repository\com\fasterxml\jackson\core\jackson-core\2.10.3\jackson-core-2.10.3.jar;C:\Users\Aguka\.m2\repository\org\bouncycastle\bcpkix-jdk18on\1.76\bcpkix-jdk18on-1.76.jar;C:\Users\Aguka\.m2\repository\org\bouncycastle\bcprov-jdk18on\1.76\bcprov-jdk18on-1.76.jar;C:\Users\Aguka\.m2\repository\org\bouncycastle\bcutil-jdk18on\1.76\bcutil-jdk18on-1.76.jar;C:\Users\Aguka\.m2\repository\org\slf4j\jcl-over-slf4j\1.7.30\jcl-over-slf4j-1.7.30.jar;C:\Users\Aguka\.m2\repository\com\github\docker-java\docker-java-transport-httpclient5\3.3.4\docker-java-transport-httpclient5-3.3.4.jar;C:\Users\Aguka\.m2\repository\com\github\docker-java\docker-java-transport\3.3.4\docker-java-transport-3.3.4.jar;C:\Users\Aguka\.m2\repository\net\java\dev\jna\jna\5.13.0\jna-5.13.0.jar;C:\Users\Aguka\.m2\repository\org\brotli\dec\0.1.2\dec-0.1.2.jar;C:\Users\Aguka\.m2\repository\org\apache\commons\commons-lang3\3.14.0\commons-lang3-3.14.0.jar;C:\Users\Aguka\.m2\repository\org\apache\commons\commons-compress\1.25.0\commons-compress-1.25.0.jar;C:\Users\Aguka\.m2\repository\org\apache\httpcomponents\client5\httpclient5\5.2.1\httpclient5-5.2.1.jar;C:\Users\Aguka\.m2\repository\org\apache\httpcomponents\core5\httpcore5\5.2\httpcore5-5.2.jar;C:\Users\Aguka\.m2\repository\org\apache\httpcomponents\core5\httpcore5-h2\5.2\httpcore5-h2-5.2.jar;C:\Users\Aguka\.m2\repository\org\assertj\assertj-core\3.18.1\assertj-core-3.18.1.jar;C:\Users\Aguka\.m2\repository\org\testng\testng\7.7.1\testng-7.7.1.jar;C:\Users\Aguka\.m2\repository\com\beust\jcommander\1.82\jcommander-1.82.jar;C:\Users\Aguka\.m2\repository\org\webjars\jquery\3.6.1\jquery-3.6.1.jar;C:\Users\Aguka\.m2\repository\org\seleniumhq\selenium\selenium-java\4.10.0\selenium-java-4.10.0.jar;C:\Users\Aguka\.m2\repository\org\seleniumhq\selenium\selenium-api\4.10.0\selenium-api-4.10.0.jar;C:\Users\Aguka\.m2\repository\org\seleniumhq\selenium\selenium-chrome-driver\4.10.0\selenium-chrome-driver-4.10.0.jar;C:\Users\Aguka\.m2\repository\com\google\auto\service\auto-service-annotations\1.0.1\auto-service-annotations-1.0.1.jar;C:\Users\Aguka\.m2\repository\com\google\auto\service\auto-service\1.0.1\auto-service-1.0.1.jar;C:\Users\Aguka\.m2\repository\com\google\auto\auto-common\1.2\auto-common-1.2.jar;C:\Users\Aguka\.m2\repository\com\google\guava\guava\31.1-jre\guava-31.1-jre.jar;C:\Users\Aguka\.m2\repository\com\google\guava\failureaccess\1.0.1\failureaccess-1.0.1.jar;C:\Users\Aguka\.m2\repository\com\google\guava\listenablefuture\9999.0-empty-to-avoid-conflict-with-guava\listenablefuture-9999.0-empty-to-avoid-conflict-with-guava.jar;C:\Users\Aguka\.m2\repository\com\google\code\findbugs\jsr305\3.0.2\jsr305-3.0.2.jar;C:\Users\Aguka\.m2\repository\org\checkerframework\checker-qual\3.12.0\checker-qual-3.12.0.jar;C:\Users\Aguka\.m2\repository\com\google\errorprone\error_prone_annotations\2.11.0\error_prone_annotations-2.11.0.jar;C:\Users\Aguka\.m2\repository\com\google\j2objc\j2objc-annotations\1.3\j2objc-annotations-1.3.jar;C:\Users\Aguka\.m2\repository\org\seleniumhq\selenium\selenium-chromium-driver\4.10.0\selenium-chromium-driver-4.10.0.jar;C:\Users\Aguka\.m2\repository\org\seleniumhq\selenium\selenium-json\4.10.0\selenium-json-4.10.0.jar;C:\Users\Aguka\.m2\repository\org\seleniumhq\selenium\selenium-manager\4.10.0\selenium-manager-4.10.0.jar;C:\Users\Aguka\.m2\repository\org\seleniumhq\selenium\selenium-devtools-v112\4.10.0\selenium-devtools-v112-4.10.0.jar;C:\Users\Aguka\.m2\repository\org\seleniumhq\selenium\selenium-devtools-v113\4.10.0\selenium-devtools-v113-4.10.0.jar;C:\Users\Aguka\.m2\repository\org\seleniumhq\selenium\selenium-devtools-v114\4.10.0\selenium-devtools-v114-4.10.0.jar;C:\Users\Aguka\.m2\repository\org\seleniumhq\selenium\selenium-devtools-v85\4.10.0\selenium-devtools-v85-4.10.0.jar;C:\Users\Aguka\.m2\repository\org\seleniumhq\selenium\selenium-edge-driver\4.10.0\selenium-edge-driver-4.10.0.jar;C:\Users\Aguka\.m2\repository\org\seleniumhq\selenium\selenium-firefox-driver\4.10.0\selenium-firefox-driver-4.10.0.jar;C:\Users\Aguka\.m2\repository\org\seleniumhq\selenium\selenium-http\4.10.0\selenium-http-4.10.0.jar;C:\Users\Aguka\.m2\repository\dev\failsafe\failsafe\3.3.1\failsafe-3.3.1.jar;C:\Users\Aguka\.m2\repository\org\seleniumhq\selenium\selenium-ie-driver\4.10.0\selenium-ie-driver-4.10.0.jar;C:\Users\Aguka\.m2\repository\org\seleniumhq\selenium\selenium-remote-driver\4.10.0\selenium-remote-driver-4.10.0.jar;C:\Users\Aguka\.m2\repository\io\netty\netty-buffer\4.1.92.Final\netty-buffer-4.1.92.Final.jar;C:\Users\Aguka\.m2\repository\io\netty\netty-codec-http\4.1.92.Final\netty-codec-http-4.1.92.Final.jar;C:\Users\Aguka\.m2\repository\io\netty\netty-codec\4.1.92.Final\netty-codec-4.1.92.Final.jar;C:\Users\Aguka\.m2\repository\io\netty\netty-handler\4.1.92.Final\netty-handler-4.1.92.Final.jar;C:\Users\Aguka\.m2\repository\io\netty\netty-common\4.1.92.Final\netty-common-4.1.92.Final.jar;C:\Users\Aguka\.m2\repository\io\netty\netty-transport-classes-epoll\4.1.92.Final\netty-transport-classes-epoll-4.1.92.Final.jar;C:\Users\Aguka\.m2\repository\io\netty\netty-transport-classes-kqueue\4.1.92.Final\netty-transport-classes-kqueue-4.1.92.Final.jar;C:\Users\Aguka\.m2\repository\io\netty\netty-transport-native-epoll\4.1.92.Final\netty-transport-native-epoll-4.1.92.Final.jar;C:\Users\Aguka\.m2\repository\io\netty\netty-transport-native-kqueue\4.1.92.Final\netty-transport-native-kqueue-4.1.92.Final.jar;C:\Users\Aguka\.m2\repository\io\netty\netty-transport-native-unix-common\4.1.92.Final\netty-transport-native-unix-common-4.1.92.Final.jar;C:\Users\Aguka\.m2\repository\io\netty\netty-transport\4.1.92.Final\netty-transport-4.1.92.Final.jar;C:\Users\Aguka\.m2\repository\io\netty\netty-resolver\4.1.92.Final\netty-resolver-4.1.92.Final.jar;C:\Users\Aguka\.m2\repository\io\opentelemetry\opentelemetry-api\1.26.0\opentelemetry-api-1.26.0.jar;C:\Users\Aguka\.m2\repository\io\opentelemetry\opentelemetry-context\1.26.0\opentelemetry-context-1.26.0.jar;C:\Users\Aguka\.m2\repository\io\opentelemetry\opentelemetry-exporter-logging\1.26.0\opentelemetry-exporter-logging-1.26.0.jar;C:\Users\Aguka\.m2\repository\io\opentelemetry\opentelemetry-sdk-metrics\1.26.0\opentelemetry-sdk-metrics-1.26.0.jar;C:\Users\Aguka\.m2\repository\io\opentelemetry\opentelemetry-extension-incubator\1.26.0-alpha\opentelemetry-extension-incubator-1.26.0-alpha.jar;C:\Users\Aguka\.m2\repository\io\opentelemetry\opentelemetry-sdk-logs\1.26.0-alpha\opentelemetry-sdk-logs-1.26.0-alpha.jar;C:\Users\Aguka\.m2\repository\io\opentelemetry\opentelemetry-api-logs\1.26.0-alpha\opentelemetry-api-logs-1.26.0-alpha.jar;C:\Users\Aguka\.m2\repository\io\opentelemetry\opentelemetry-api-events\1.26.0-alpha\opentelemetry-api-events-1.26.0-alpha.jar;C:\Users\Aguka\.m2\repository\io\opentelemetry\opentelemetry-sdk-common\1.26.0\opentelemetry-sdk-common-1.26.0.jar;C:\Users\Aguka\.m2\repository\io\opentelemetry\opentelemetry-sdk-extension-autoconfigure-spi\1.26.0\opentelemetry-sdk-extension-autoconfigure-spi-1.26.0.jar;C:\Users\Aguka\.m2\repository\io\opentelemetry\opentelemetry-sdk-extension-autoconfigure\1.26.0-alpha\opentelemetry-sdk-extension-autoconfigure-1.26.0-alpha.jar;C:\Users\Aguka\.m2\repository\io\opentelemetry\opentelemetry-sdk-trace\1.26.0\opentelemetry-sdk-trace-1.26.0.jar;C:\Users\Aguka\.m2\repository\io\opentelemetry\opentelemetry-sdk\1.26.0\opentelemetry-sdk-1.26.0.jar;C:\Users\Aguka\.m2\repository\io\opentelemetry\opentelemetry-semconv\1.26.0-alpha\opentelemetry-semconv-1.26.0-alpha.jar;C:\Users\Aguka\.m2\repository\net\bytebuddy\byte-buddy\1.14.4\byte-buddy-1.14.4.jar;C:\Users\Aguka\.m2\repository\org\apache\commons\commons-exec\1.3\commons-exec-1.3.jar;C:\Users\Aguka\.m2\repository\org\asynchttpclient\async-http-client\2.12.3\async-http-client-2.12.3.jar;C:\Users\Aguka\.m2\repository\org\asynchttpclient\async-http-client-netty-utils\2.12.3\async-http-client-netty-utils-2.12.3.jar;C:\Users\Aguka\.m2\repository\io\netty\netty-codec-socks\4.1.60.Final\netty-codec-socks-4.1.60.Final.jar;C:\Users\Aguka\.m2\repository\io\netty\netty-handler-proxy\4.1.60.Final\netty-handler-proxy-4.1.60.Final.jar;C:\Users\Aguka\.m2\repository\io\netty\netty-transport-native-epoll\4.1.60.Final\netty-transport-native-epoll-4.1.60.Final-linux-x86_64.jar;C:\Users\Aguka\.m2\repository\io\netty\netty-transport-native-kqueue\4.1.60.Final\netty-transport-native-kqueue-4.1.60.Final-osx-x86_64.jar;C:\Users\Aguka\.m2\repository\org\reactivestreams\reactive-streams\1.0.3\reactive-streams-1.0.3.jar;C:\Users\Aguka\.m2\repository\com\typesafe\netty\netty-reactive-streams\2.0.4\netty-reactive-streams-2.0.4.jar;C:\Users\Aguka\.m2\repository\com\sun\activation\jakarta.activation\1.2.2\jakarta.activation-1.2.2.jar;C:\Users\Aguka\.m2\repository\org\seleniumhq\selenium\selenium-safari-driver\4.10.0\selenium-safari-driver-4.10.0.jar;C:\Users\Aguka\.m2\repository\org\seleniumhq\selenium\selenium-support\4.10.0\selenium-support-4.10.0.jar;C:\Users\Aguka\.m2\repository\ru\yandex\qatools\ashot\ashot\1.5.4\ashot-1.5.4.jar;C:\Users\Aguka\.m2\repository\commons-io\commons-io\2.5\commons-io-2.5.jar;C:\Users\Aguka\.m2\repository\org\hamcrest\hamcrest-core\1.3\hamcrest-core-1.3.jar;C:\Users\Aguka\.m2\repository\org\projectlombok\lombok\1.18.28\lombok-1.18.28.jar;C:\Users\Aguka\.m2\repository\org\slf4j\slf4j-reload4j\2.0.5\slf4j-reload4j-2.0.5.jar;C:\Users\Aguka\.m2\repository\ch\qos\reload4j\reload4j\1.2.22\reload4j-1.2.22.jar;C:\Users\Aguka\.m2\repository\io\qameta\allure\allure-testng\2.22.0\allure-testng-2.22.0.jar;C:\Users\Aguka\.m2\repository\io\qameta\allure\allure-java-commons\2.22.0\allure-java-commons-2.22.0.jar;C:\Users\Aguka\.m2\repository\io\qameta\allure\allure-model\2.22.0\allure-model-2.22.0.jar;C:\Users\Aguka\.m2\repository\io\qameta\allure\allure-test-filter\2.22.0\allure-test-filter-2.22.0.jar;"/>
    <property name="allure.results.directory" value="C:\Users\Aguka\autoTesting\target/allure-results"/>
    <property name="sun.cpu.endian" value="little"/>
    <property name="user.home" value="C:\Users\Aguka"/>
    <property name="user.language" value="en"/>
    <property name="java.specification.vendor" value="Oracle Corporation"/>
    <property name="java.version.date" value="2023-04-18"/>
    <property name="java.home" value="C:\Program Files\Java\jdk-17"/>
    <property name="file.separator" value="\"/>
    <property name="basedir" value="C:\Users\Aguka\autoTesting"/>
    <property name="java.vm.compressedOopsMode" value="32-bit"/>
    <property name="line.separator" value="&#10;"/>
    <property name="java.vm.specification.vendor" value="Oracle Corporation"/>
    <property name="java.specification.name" value="Java Platform API Specification"/>
    <property name="surefire.real.class.path" value="C:\Users\Aguka\AppData\Local\Temp\surefire15440550565188444539\surefirebooter-20240402114343101_3.jar"/>
    <property name="user.script" value=""/>
    <property name="sun.management.compiler" value="HotSpot 64-Bit Tiered Compilers"/>
    <property name="java.runtime.version" value="17.0.7+8-LTS-224"/>
    <property name="user.name" value="Aguka"/>
    <property name="path.separator" value=";"/>
    <property name="os.version" value="10.0"/>
    <property name="java.runtime.name" value="Java(TM) SE Runtime Environment"/>
    <property name="file.encoding" value="Cp1251"/>
    <property name="java.vm.name" value="Java HotSpot(TM) 64-Bit Server VM"/>
    <property name="browser.height" value="1080"/>
    <property name="localRepository" value="C:\Users\Aguka\.m2\repository"/>
    <property name="java.vendor.url.bug" value="https://bugreport.java.com/bugreport/"/>
    <property name="java.io.tmpdir" value="C:\Users\Aguka\AppData\Local\Temp\"/>
    <property name="java.version" value="17.0.7"/>
    <property name="user.dir" value="C:\Users\Aguka\autoTesting"/>
    <property name="os.arch" value="amd64"/>
    <property name="browser.width" value="1920"/>
    <property name="java.vm.specification.name" value="Java Virtual Machine Specification"/>
    <property name="sun.os.patch.level" value=""/>
    <property name="native.encoding" value="Cp1251"/>
    <property name="java.library.path" value="C:\Program Files\Java\jdk-17\bin;C:\WINDOWS\Sun\Java\bin;C:\WINDOWS\system32;C:\WINDOWS;C:\Program Files\Common Files\Oracle\Java\javapath;C:\Program Files (x86)\Common Files\Oracle\Java\javapath;C:\WINDOWS\system32;C:\WINDOWS;C:\WINDOWS\System32\Wbem;C:\WINDOWS\System32\WindowsPowerShell\v1.0\;C:\WINDOWS\System32\OpenSSH\;%JAVA_HOME%;C:\Program Files\Git\cmd;E:\apache-maven-3.9.2\bin;%JAVA_HOME%bin;C:\Program Files\nodejs\;C:\Program Files\MySQL\MySQL Shell 8.0\bin\;C:\Users\Aguka\AppData\Local\Microsoft\WindowsApps;;C:\Program Files\JetBrains\IntelliJ IDEA Community Edition 2022.2.1\bin;;C:\Users\Aguka\AppData\Local\Programs\Microsoft VS Code\bin;C:\Users\Aguka\AppData\Roaming\npm;."/>
    <property name="java.vm.info" value="mixed mode, sharing"/>
    <property name="java.vendor" value="Oracle Corporation"/>
    <property name="java.vm.version" value="17.0.7+8-LTS-224"/>
    <property name="sun.io.unicode.encoding" value="UnicodeLittle"/>
    <property name="java.class.version" value="61.0"/>
  </properties>
  <testcase name="isEnabledPrivatePolicyTest" classname="FooterTest" time="0.207">
    <system-out><![CDATA[[INFO ] 2024-04-02 11:43:45 WebDriverManager:1239 :resolveDriverVersion - message:Using chromedriver 123.0.6312.86 (resolved driver for Chrome 123)
[INFO ] 2024-04-02 11:43:45 WebDriverManager:1239 :resolveDriverVersion - message:Using chromedriver 123.0.6312.86 (resolved driver for Chrome 123)
[INFO ] 2024-04-02 11:43:46 WebDriverManager:1301 :exportDriver - message:Exporting webdriver.chrome.driver as C:\Users\Aguka\.cache\selenium\chromedriver\win64\123.0.6312.86\chromedriver.exe
[INFO ] 2024-04-02 11:43:46 WebDriverManager:1301 :exportDriver - message:Exporting webdriver.chrome.driver as C:\Users\Aguka\.cache\selenium\chromedriver\win64\123.0.6312.86\chromedriver.exe
[INFO ] 2024-04-02 11:43:52 FooterPage:34 :isEnabledPrivatePolicy - message:Checking element privacy policy is displayed
]]></system-out>
    <system-err><![CDATA[Apr 02, 2024 11:43:46 AM org.openqa.selenium.remote.service.DriverService$Builder getLogOutput
INFO: Driver logs no longer sent to console by default; https://www.selenium.dev/documentation/webdriver/drivers/service/#setting-log-output
Apr 02, 2024 11:43:46 AM org.openqa.selenium.remote.service.DriverService$Builder getLogOutput
INFO: Driver logs no longer sent to console by default; https://www.selenium.dev/documentation/webdriver/drivers/service/#setting-log-output
Apr 02, 2024 11:43:48 AM org.openqa.selenium.devtools.CdpVersionFinder findNearestMatch
WARNING: Unable to find CDP implementation matching 123
Apr 02, 2024 11:43:48 AM org.openqa.selenium.devtools.CdpVersionFinder findNearestMatch
WARNING: Unable to find CDP implementation matching 123
Apr 02, 2024 11:43:48 AM org.openqa.selenium.chromium.ChromiumDriver lambda$new$4
WARNING: Unable to find version of CDP to use for . You may need to include a dependency on a specific version of the CDP using something similar to `org.seleniumhq.selenium:selenium-devtools-v86:4.10.0` where the version ("v86") matches the version of the chromium-based browser you're using and the version number of the artifact is the same as Selenium's.
Apr 02, 2024 11:43:48 AM org.openqa.selenium.chromium.ChromiumDriver lambda$new$4
WARNING: Unable to find version of CDP to use for . You may need to include a dependency on a specific version of the CDP using something similar to `org.seleniumhq.selenium:selenium-devtools-v86:4.10.0` where the version ("v86") matches the version of the chromium-based browser you're using and the version number of the artifact is the same as Selenium's.
]]></system-err>
  </testcase>
  <testcase name="isEnabledSiteMapTest" classname="FooterTest" time="0.128">
    <failure message="Site map link is not found" type="org.openqa.selenium.NoSuchElementException"><![CDATA[org.openqa.selenium.NoSuchElementException: Site map link is not found
	at pages.FooterPage.isEnabledSiteMap(FooterPage.java:55)
	at FooterTest.isEnabledSiteMapTest(FooterTest.java:35)
	at java.base/jdk.internal.reflect.NativeMethodAccessorImpl.invoke0(Native Method)
	at java.base/jdk.internal.reflect.NativeMethodAccessorImpl.invoke(NativeMethodAccessorImpl.java:77)
	at java.base/jdk.internal.reflect.DelegatingMethodAccessorImpl.invoke(DelegatingMethodAccessorImpl.java:43)
	at java.base/java.lang.reflect.Method.invoke(Method.java:568)
	at org.testng.internal.invokers.MethodInvocationHelper.invokeMethod(MethodInvocationHelper.java:139)
	at org.testng.internal.invokers.TestInvoker.invokeMethod(TestInvoker.java:677)
	at org.testng.internal.invokers.TestInvoker.invokeTestMethod(TestInvoker.java:221)
	at org.testng.internal.invokers.MethodRunner.runInSequence(MethodRunner.java:50)
	at org.testng.internal.invokers.TestInvoker$MethodInvocationAgent.invoke(TestInvoker.java:969)
	at org.testng.internal.invokers.TestInvoker.invokeTestMethods(TestInvoker.java:194)
	at org.testng.internal.invokers.TestMethodWorker.invokeTestMethods(TestMethodWorker.java:148)
	at org.testng.internal.invokers.TestMethodWorker.run(TestMethodWorker.java:128)
	at java.base/java.util.concurrent.ThreadPoolExecutor.runWorker(ThreadPoolExecutor.java:1136)
	at java.base/java.util.concurrent.ThreadPoolExecutor$Worker.run(ThreadPoolExecutor.java:635)
	at java.base/java.lang.Thread.run(Thread.java:833)
Caused by: org.openqa.selenium.NoSuchElementException: no such element: Unable to locate element: {"method":"xpath","selector":"//a[contains(@href,'sitemap') or contains(text(),'Сайтмап') or contains(text(),'Sitemap')]"}
  (Session info: chrome=123.0.6312.86)
For documentation on this error, please visit: https://www.selenium.dev/documentation/webdriver/troubleshooting/errors#no-such-element-exception
Build info: version: '4.10.0', revision: 'c14d967899'
System info: os.name: 'Windows 11', os.arch: 'amd64', os.version: '10.0', java.version: '17.0.7'
Driver info: org.openqa.selenium.chrome.ChromeDriver
Command: [04112621a076993ae30b9ddc539b8e50, findElement {using=xpath, value=//a[contains(@href,'sitemap') or contains(text(),'Сайтмап') or contains(text(),'Sitemap')]}]
Capabilities {acceptInsecureCerts: false, browserName: chrome, browserVersion: 123.0.6312.86, chrome: {chromedriverVersion: 123.0.6312.86 (9b72c47a0536..., userDataDir: C:\Users\Aguka\AppData\Loca...}, fedcm:accounts: true, goog:chromeOptions: {debuggerAddress: localhost:51456}, networkConnectionEnabled: false, pageLoadStrategy: normal, platformName: windows, proxy: Proxy(), se:cdp: ws://localhost:51456/devtoo..., se:cdpVersion: 123.0.6312.86, setWindowRect: true, strictFileInteractability: false, timeouts: {implicit: 0, pageLoad: 300000, script: 30000}, unhandledPromptBehavior: dismiss and notify, webauthn:extension:credBlob: true, webauthn:extension:largeBlob: true, webauthn:extension:minPinLength: true, webauthn:extension:prf: true, webauthn:virtualAuthenticators: true}
Session ID: 04112621a076993ae30b9ddc539b8e50
	at java.base/jdk.internal.reflect.NativeConstructorAccessorImpl.newInstance0(Native Method)
	at java.base/jdk.internal.reflect.NativeConstructorAccessorImpl.newInstance(NativeConstructorAccessorImpl.java:77)
	at java.base/jdk.internal.reflect.DelegatingConstructorAccessorImpl.newInstance(DelegatingConstructorAccessorImpl.java:45)
	at java.base/java.lang.reflect.Constructor.newInstanceWithCaller(Constructor.java:499)
	at java.base/java.lang.reflect.Constructor.newInstance(Constructor.java:480)
	at org.openqa.selenium.remote.codec.w3c.W3CHttpResponseCodec.createException(W3CHttpResponseCodec.java:199)
	at org.openqa.selenium.remote.codec.w3c.W3CHttpResponseCodec.decode(W3CHttpResponseCodec.java:132)
	at org.openqa.selenium.remote.codec.w3c.W3CHttpResponseCodec.decode(W3CHttpResponseCodec.java:51)
	at org.openqa.selenium.remote.HttpCommandExecutor.execute(HttpCommandExecutor.java:191)
	at org.openqa.selenium.remote.service.DriverCommandExecutor.invokeExecute(DriverCommandExecutor.java:196)
	at org.openqa.selenium.remote.service.DriverCommandExecutor.execute(DriverCommandExecutor.java:171)
	at org.openqa.selenium.remote.RemoteWebDriver.execute(RemoteWebDriver.java:531)
	at org.openqa.selenium.remote.ElementLocation$ElementFinder$2.findElement(ElementLocation.java:165)
	at org.openqa.selenium.remote.ElementLocation.findElement(ElementLocation.java:59)
	at org.openqa.selenium.remote.RemoteWebDriver.findElement(RemoteWebDriver.java:350)
	at org.openqa.selenium.remote.RemoteWebDriver.findElement(RemoteWebDriver.java:344)
	at org.openqa.selenium.support.pagefactory.DefaultElementLocator.findElement(DefaultElementLocator.java:68)
	at org.openqa.selenium.support.pagefactory.internal.LocatingElementHandler.invoke(LocatingElementHandler.java:38)
	at jdk.proxy2/jdk.proxy2.$Proxy21.isDisplayed(Unknown Source)
	at pages.FooterPage.isEnabledSiteMap(FooterPage.java:53)
	... 16 more
]]></failure>
    <system-out><![CDATA[[WARN ] 2024-04-02 11:43:53 WebSocketHandler:142 :handleException - message:onError
java.net.SocketException: Connection reset
	at java.base/sun.nio.ch.SocketChannelImpl.throwConnectionReset(SocketChannelImpl.java:394)
	at java.base/sun.nio.ch.SocketChannelImpl.read(SocketChannelImpl.java:426)
	at io.netty.buffer.PooledByteBuf.setBytes(PooledByteBuf.java:256)
	at io.netty.buffer.AbstractByteBuf.writeBytes(AbstractByteBuf.java:1132)
	at io.netty.channel.socket.nio.NioSocketChannel.doReadBytes(NioSocketChannel.java:357)
	at io.netty.channel.nio.AbstractNioByteChannel$NioByteUnsafe.read(AbstractNioByteChannel.java:151)
	at io.netty.channel.nio.NioEventLoop.processSelectedKey(NioEventLoop.java:788)
	at io.netty.channel.nio.NioEventLoop.processSelectedKeysOptimized(NioEventLoop.java:724)
	at io.netty.channel.nio.NioEventLoop.processSelectedKeys(NioEventLoop.java:650)
	at io.netty.channel.nio.NioEventLoop.run(NioEventLoop.java:562)
	at io.netty.util.concurrent.SingleThreadEventExecutor$4.run(SingleThreadEventExecutor.java:997)
	at io.netty.util.internal.ThreadExecutorMap$2.run(ThreadExecutorMap.java:74)
	at io.netty.util.concurrent.FastThreadLocalRunnable.run(FastThreadLocalRunnable.java:30)
	at java.base/java.lang.Thread.run(Thread.java:833)
[INFO ] 2024-04-02 11:43:53 WebDriverManager:1239 :resolveDriverVersion - message:Using chromedriver 123.0.6312.86 (resolved driver for Chrome 123)
[INFO ] 2024-04-02 11:43:53 WebDriverManager:1301 :exportDriver - message:Exporting webdriver.chrome.driver as C:\Users\Aguka\.cache\selenium\chromedriver\win64\123.0.6312.86\chromedriver.exe
[INFO ] 2024-04-02 11:43:53 HomePage:54 :getAllPageUrls - message:Get all urls from home page
[INFO ] 2024-04-02 11:43:56 FooterPage:52 :isEnabledSiteMap - message:Checking element site map is displayed
]]></system-out>
    <system-err><![CDATA[Apr 02, 2024 11:43:53 AM org.openqa.selenium.remote.http.WebSocket$Listener onError
WARNING: Connection reset
java.net.SocketException: Connection reset
	at java.base/sun.nio.ch.SocketChannelImpl.throwConnectionReset(SocketChannelImpl.java:394)
	at java.base/sun.nio.ch.SocketChannelImpl.read(SocketChannelImpl.java:426)
	at io.netty.buffer.PooledByteBuf.setBytes(PooledByteBuf.java:256)
	at io.netty.buffer.AbstractByteBuf.writeBytes(AbstractByteBuf.java:1132)
	at io.netty.channel.socket.nio.NioSocketChannel.doReadBytes(NioSocketChannel.java:357)
	at io.netty.channel.nio.AbstractNioByteChannel$NioByteUnsafe.read(AbstractNioByteChannel.java:151)
	at io.netty.channel.nio.NioEventLoop.processSelectedKey(NioEventLoop.java:788)
	at io.netty.channel.nio.NioEventLoop.processSelectedKeysOptimized(NioEventLoop.java:724)
	at io.netty.channel.nio.NioEventLoop.processSelectedKeys(NioEventLoop.java:650)
	at io.netty.channel.nio.NioEventLoop.run(NioEventLoop.java:562)
	at io.netty.util.concurrent.SingleThreadEventExecutor$4.run(SingleThreadEventExecutor.java:997)
	at io.netty.util.internal.ThreadExecutorMap$2.run(ThreadExecutorMap.java:74)
	at io.netty.util.concurrent.FastThreadLocalRunnable.run(FastThreadLocalRunnable.java:30)
	at java.base/java.lang.Thread.run(Thread.java:833)

Apr 02, 2024 11:43:53 AM org.openqa.selenium.remote.service.DriverService$Builder getLogOutput
INFO: Driver logs no longer sent to console by default; https://www.selenium.dev/documentation/webdriver/drivers/service/#setting-log-output
Apr 02, 2024 11:43:54 AM org.openqa.selenium.devtools.CdpVersionFinder findNearestMatch
WARNING: Unable to find CDP implementation matching 123
Apr 02, 2024 11:43:54 AM org.openqa.selenium.chromium.ChromiumDriver lambda$new$4
WARNING: Unable to find version of CDP to use for . You may need to include a dependency on a specific version of the CDP using something similar to `org.seleniumhq.selenium:selenium-devtools-v86:4.10.0` where the version ("v86") matches the version of the chromium-based browser you're using and the version number of the artifact is the same as Selenium's.
]]></system-err>
  </testcase>
  <testcase name="isEnabledTermsAndConditionsTest" classname="FooterTest" time="0.058">
    <failure message="Terms and conditions link is not found" type="org.openqa.selenium.NoSuchElementException"><![CDATA[org.openqa.selenium.NoSuchElementException: Terms and conditions link is not found
	at pages.FooterPage.isEnabledTermsAndConditions(FooterPage.java:46)
	at FooterTest.isEnabledTermsAndConditionsTest(FooterTest.java:26)
	at java.base/jdk.internal.reflect.NativeMethodAccessorImpl.invoke0(Native Method)
	at java.base/jdk.internal.reflect.NativeMethodAccessorImpl.invoke(NativeMethodAccessorImpl.java:77)
	at java.base/jdk.internal.reflect.DelegatingMethodAccessorImpl.invoke(DelegatingMethodAccessorImpl.java:43)
	at java.base/java.lang.reflect.Method.invoke(Method.java:568)
	at org.testng.internal.invokers.MethodInvocationHelper.invokeMethod(MethodInvocationHelper.java:139)
	at org.testng.internal.invokers.TestInvoker.invokeMethod(TestInvoker.java:677)
	at org.testng.internal.invokers.TestInvoker.invokeTestMethod(TestInvoker.java:221)
	at org.testng.internal.invokers.MethodRunner.runInSequence(MethodRunner.java:50)
	at org.testng.internal.invokers.TestInvoker$MethodInvocationAgent.invoke(TestInvoker.java:969)
	at org.testng.internal.invokers.TestInvoker.invokeTestMethods(TestInvoker.java:194)
	at org.testng.internal.invokers.TestMethodWorker.invokeTestMethods(TestMethodWorker.java:148)
	at org.testng.internal.invokers.TestMethodWorker.run(TestMethodWorker.java:128)
	at java.base/java.util.concurrent.ThreadPoolExecutor.runWorker(ThreadPoolExecutor.java:1136)
	at java.base/java.util.concurrent.ThreadPoolExecutor$Worker.run(ThreadPoolExecutor.java:635)
	at java.base/java.lang.Thread.run(Thread.java:833)
Caused by: org.openqa.selenium.NoSuchElementException: no such element: Unable to locate element: {"method":"xpath","selector":"//a[contains(@href,'terms-of-service') or contains(text(),'Умови користування веб-сайтом') or contains(text(),'Terms of Service')]"}
  (Session info: chrome=123.0.6312.86)
For documentation on this error, please visit: https://www.selenium.dev/documentation/webdriver/troubleshooting/errors#no-such-element-exception
Build info: version: '4.10.0', revision: 'c14d967899'
System info: os.name: 'Windows 11', os.arch: 'amd64', os.version: '10.0', java.version: '17.0.7'
Driver info: org.openqa.selenium.chrome.ChromeDriver
Command: [4593f3d5df4890b2780f061f768682b0, findElement {using=xpath, value=//a[contains(@href,'terms-of-service') or contains(text(),'Умови користування веб-сайтом') or contains(text(),'Terms of Service')]}]
Capabilities {acceptInsecureCerts: false, browserName: chrome, browserVersion: 123.0.6312.86, chrome: {chromedriverVersion: 123.0.6312.86 (9b72c47a0536..., userDataDir: C:\Users\Aguka\AppData\Loca...}, fedcm:accounts: true, goog:chromeOptions: {debuggerAddress: localhost:51483}, networkConnectionEnabled: false, pageLoadStrategy: normal, platformName: windows, proxy: Proxy(), se:cdp: ws://localhost:51483/devtoo..., se:cdpVersion: 123.0.6312.86, setWindowRect: true, strictFileInteractability: false, timeouts: {implicit: 0, pageLoad: 300000, script: 30000}, unhandledPromptBehavior: dismiss and notify, webauthn:extension:credBlob: true, webauthn:extension:largeBlob: true, webauthn:extension:minPinLength: true, webauthn:extension:prf: true, webauthn:virtualAuthenticators: true}
Session ID: 4593f3d5df4890b2780f061f768682b0
	at java.base/jdk.internal.reflect.NativeConstructorAccessorImpl.newInstance0(Native Method)
	at java.base/jdk.internal.reflect.NativeConstructorAccessorImpl.newInstance(NativeConstructorAccessorImpl.java:77)
	at java.base/jdk.internal.reflect.DelegatingConstructorAccessorImpl.newInstance(DelegatingConstructorAccessorImpl.java:45)
	at java.base/java.lang.reflect.Constructor.newInstanceWithCaller(Constructor.java:499)
	at java.base/java.lang.reflect.Constructor.newInstance(Constructor.java:480)
	at org.openqa.selenium.remote.codec.w3c.W3CHttpResponseCodec.createException(W3CHttpResponseCodec.java:199)
	at org.openqa.selenium.remote.codec.w3c.W3CHttpResponseCodec.decode(W3CHttpResponseCodec.java:132)
	at org.openqa.selenium.remote.codec.w3c.W3CHttpResponseCodec.decode(W3CHttpResponseCodec.java:51)
	at org.openqa.selenium.remote.HttpCommandExecutor.execute(HttpCommandExecutor.java:191)
	at org.openqa.selenium.remote.service.DriverCommandExecutor.invokeExecute(DriverCommandExecutor.java:196)
	at org.openqa.selenium.remote.service.DriverCommandExecutor.execute(DriverCommandExecutor.java:171)
	at org.openqa.selenium.remote.RemoteWebDriver.execute(RemoteWebDriver.java:531)
	at org.openqa.selenium.remote.ElementLocation$ElementFinder$2.findElement(ElementLocation.java:165)
	at org.openqa.selenium.remote.ElementLocation.findElement(ElementLocation.java:59)
	at org.openqa.selenium.remote.RemoteWebDriver.findElement(RemoteWebDriver.java:350)
	at org.openqa.selenium.remote.RemoteWebDriver.findElement(RemoteWebDriver.java:344)
	at org.openqa.selenium.support.pagefactory.DefaultElementLocator.findElement(DefaultElementLocator.java:68)
	at org.openqa.selenium.support.pagefactory.internal.LocatingElementHandler.invoke(LocatingElementHandler.java:38)
	at jdk.proxy2/jdk.proxy2.$Proxy21.isDisplayed(Unknown Source)
	at pages.FooterPage.isEnabledTermsAndConditions(FooterPage.java:44)
	... 16 more
]]></failure>
    <system-out><![CDATA[[INFO ] 2024-04-02 11:43:57 WebDriverManager:1239 :resolveDriverVersion - message:Using chromedriver 123.0.6312.86 (resolved driver for Chrome 123)
[INFO ] 2024-04-02 11:43:57 WebDriverManager:1301 :exportDriver - message:Exporting webdriver.chrome.driver as C:\Users\Aguka\.cache\selenium\chromedriver\win64\123.0.6312.86\chromedriver.exe
[INFO ] 2024-04-02 11:43:59 HomePage:69 :getCountH1inThePage - message:Count element H1 on the page
[INFO ] 2024-04-02 11:44:01 FooterPage:43 :isEnabledTermsAndConditions - message:Checking element terms and conditions is displayed
]]></system-out>
    <system-err><![CDATA[Apr 02, 2024 11:43:57 AM org.openqa.selenium.remote.service.DriverService$Builder getLogOutput
INFO: Driver logs no longer sent to console by default; https://www.selenium.dev/documentation/webdriver/drivers/service/#setting-log-output
Apr 02, 2024 11:43:58 AM org.openqa.selenium.devtools.CdpVersionFinder findNearestMatch
WARNING: Unable to find CDP implementation matching 123
Apr 02, 2024 11:43:58 AM org.openqa.selenium.chromium.ChromiumDriver lambda$new$4
WARNING: Unable to find version of CDP to use for . You may need to include a dependency on a specific version of the CDP using something similar to `org.seleniumhq.selenium:selenium-devtools-v86:4.10.0` where the version ("v86") matches the version of the chromium-based browser you're using and the version number of the artifact is the same as Selenium's.
]]></system-err>
  </testcase>
  <testcase name="isPresentSearchInputOnHomePageTest" classname="FooterTest" time="0.061">
    <system-out><![CDATA[[INFO ] 2024-04-02 11:44:01 WebDriverManager:1239 :resolveDriverVersion - message:Using chromedriver 123.0.6312.86 (resolved driver for Chrome 123)
[INFO ] 2024-04-02 11:44:01 WebDriverManager:1301 :exportDriver - message:Exporting webdriver.chrome.driver as C:\Users\Aguka\.cache\selenium\chromedriver\win64\123.0.6312.86\chromedriver.exe
[INFO ] 2024-04-02 11:44:02 HomePage:69 :getCountH1inThePage - message:Count element H1 on the page
[INFO ] 2024-04-02 11:44:04 HomePage:69 :getCountH1inThePage - message:Count element H1 on the page
[INFO ] 2024-04-02 11:44:04 HomePage:75 :isEnabledInputSearchOnHomePage - message:Checking the input field is enabled on the home page
]]></system-out>
    <system-err><![CDATA[Apr 02, 2024 11:44:01 AM org.openqa.selenium.remote.service.DriverService$Builder getLogOutput
INFO: Driver logs no longer sent to console by default; https://www.selenium.dev/documentation/webdriver/drivers/service/#setting-log-output
Apr 02, 2024 11:44:01 AM org.openqa.selenium.devtools.CdpVersionFinder findNearestMatch
WARNING: Unable to find CDP implementation matching 123
Apr 02, 2024 11:44:01 AM org.openqa.selenium.chromium.ChromiumDriver lambda$new$4
WARNING: Unable to find version of CDP to use for . You may need to include a dependency on a specific version of the CDP using something similar to `org.seleniumhq.selenium:selenium-devtools-v86:4.10.0` where the version ("v86") matches the version of the chromium-based browser you're using and the version number of the artifact is the same as Selenium's.
]]></system-err>
  </testcase>
  <testcase name="testWebsiteLayout" classname="VisualTest" time="1.254">
    <system-out><![CDATA[[INFO ] 2024-04-02 11:44:05 WebDriverManager:1239 :resolveDriverVersion - message:Using chromedriver 123.0.6312.86 (resolved driver for Chrome 123)
[INFO ] 2024-04-02 11:44:05 WebDriverManager:1301 :exportDriver - message:Exporting webdriver.chrome.driver as C:\Users\Aguka\.cache\selenium\chromedriver\win64\123.0.6312.86\chromedriver.exe
[INFO ] 2024-04-02 11:44:07 HomePage:69 :getCountH1inThePage - message:Count element H1 on the page
]]></system-out>
    <system-err><![CDATA[Apr 02, 2024 11:44:05 AM org.openqa.selenium.remote.service.DriverService$Builder getLogOutput
INFO: Driver logs no longer sent to console by default; https://www.selenium.dev/documentation/webdriver/drivers/service/#setting-log-output
Apr 02, 2024 11:44:05 AM org.openqa.selenium.devtools.CdpVersionFinder findNearestMatch
WARNING: Unable to find CDP implementation matching 123
Apr 02, 2024 11:44:05 AM org.openqa.selenium.chromium.ChromiumDriver lambda$new$4
WARNING: Unable to find version of CDP to use for . You may need to include a dependency on a specific version of the CDP using something similar to `org.seleniumhq.selenium:selenium-devtools-v86:4.10.0` where the version ("v86") matches the version of the chromium-based browser you're using and the version number of the artifact is the same as Selenium's.
]]></system-err>
  </testcase>
  <testcase name="checkH1ShouldBeOneTest" classname="FirstTest" time="136.177">
    <failure message="The following asserts failed:&#10;	Кількість тегів &lt;h1&gt; на сторінці https://piddubnyi.devocean.pro/#popup-menu не дорівнює одному expected [1] but found [2],&#10;	Кількість тегів &lt;h1&gt; на сторінці https://piddubnyi.devocean.pro не дорівнює одному expected [1] but found [2],&#10;	Кількість тегів &lt;h1&gt; на сторінці https://piddubnyi.devocean.pro/#page-main не дорівнює одному expected [1] but found [2],&#10;	Кількість тегів &lt;h1&gt; на сторінці https://piddubnyi.devocean.pro/#popup-mini-cart не дорівнює одному expected [1] but found [2],&#10;	Кількість тегів &lt;h1&gt; на сторінці https://piddubnyi.devocean.pro/# не дорівнює одному expected [1] but found [2],&#10;	Кількість тегів &lt;h1&gt; на сторінці https://piddubnyi.devocean.pro/blog не дорівнює одному expected [1] but found [0]" type="java.lang.AssertionError"><![CDATA[java.lang.AssertionError: 
The following asserts failed:
	Кількість тегів <h1> на сторінці https://piddubnyi.devocean.pro/#popup-menu не дорівнює одному expected [1] but found [2],
	Кількість тегів <h1> на сторінці https://piddubnyi.devocean.pro не дорівнює одному expected [1] but found [2],
	Кількість тегів <h1> на сторінці https://piddubnyi.devocean.pro/#page-main не дорівнює одному expected [1] but found [2],
	Кількість тегів <h1> на сторінці https://piddubnyi.devocean.pro/#popup-mini-cart не дорівнює одному expected [1] but found [2],
	Кількість тегів <h1> на сторінці https://piddubnyi.devocean.pro/# не дорівнює одному expected [1] but found [2],
	Кількість тегів <h1> на сторінці https://piddubnyi.devocean.pro/blog не дорівнює одному expected [1] but found [0]
	at org.testng.asserts.SoftAssert.assertAll(SoftAssert.java:46)
	at org.testng.asserts.SoftAssert.assertAll(SoftAssert.java:30)
	at FirstTest.checkH1ShouldBeOneTest(FirstTest.java:38)
	at java.base/jdk.internal.reflect.NativeMethodAccessorImpl.invoke0(Native Method)
	at java.base/jdk.internal.reflect.NativeMethodAccessorImpl.invoke(NativeMethodAccessorImpl.java:77)
	at java.base/jdk.internal.reflect.DelegatingMethodAccessorImpl.invoke(DelegatingMethodAccessorImpl.java:43)
	at java.base/java.lang.reflect.Method.invoke(Method.java:568)
	at org.testng.internal.invokers.MethodInvocationHelper.invokeMethod(MethodInvocationHelper.java:139)
	at org.testng.internal.invokers.TestInvoker.invokeMethod(TestInvoker.java:677)
	at org.testng.internal.invokers.TestInvoker.invokeTestMethod(TestInvoker.java:221)
	at org.testng.internal.invokers.MethodRunner.runInSequence(MethodRunner.java:50)
	at org.testng.internal.invokers.TestInvoker$MethodInvocationAgent.invoke(TestInvoker.java:969)
	at org.testng.internal.invokers.TestInvoker.invokeTestMethods(TestInvoker.java:194)
	at org.testng.internal.invokers.TestMethodWorker.invokeTestMethods(TestMethodWorker.java:148)
	at org.testng.internal.invokers.TestMethodWorker.run(TestMethodWorker.java:128)
	at java.base/java.util.concurrent.ThreadPoolExecutor.runWorker(ThreadPoolExecutor.java:1136)
	at java.base/java.util.concurrent.ThreadPoolExecutor$Worker.run(ThreadPoolExecutor.java:635)
	at java.base/java.lang.Thread.run(Thread.java:833)
]]></failure>
    <system-out><![CDATA[[INFO ] 2024-04-02 11:44:10 HomePage:69 :getCountH1inThePage - message:Count element H1 on the page
[INFO ] 2024-04-02 11:44:13 HomePage:69 :getCountH1inThePage - message:Count element H1 on the page
[INFO ] 2024-04-02 11:44:16 HomePage:69 :getCountH1inThePage - message:Count element H1 on the page
[INFO ] 2024-04-02 11:44:18 HomePage:69 :getCountH1inThePage - message:Count element H1 on the page
[INFO ] 2024-04-02 11:44:21 HomePage:69 :getCountH1inThePage - message:Count element H1 on the page
[INFO ] 2024-04-02 11:44:23 HomePage:69 :getCountH1inThePage - message:Count element H1 on the page
[INFO ] 2024-04-02 11:44:26 HomePage:69 :getCountH1inThePage - message:Count element H1 on the page
[INFO ] 2024-04-02 11:44:30 HomePage:69 :getCountH1inThePage - message:Count element H1 on the page
[INFO ] 2024-04-02 11:44:33 HomePage:69 :getCountH1inThePage - message:Count element H1 on the page
[INFO ] 2024-04-02 11:44:36 HomePage:69 :getCountH1inThePage - message:Count element H1 on the page
[INFO ] 2024-04-02 11:44:38 HomePage:69 :getCountH1inThePage - message:Count element H1 on the page
[INFO ] 2024-04-02 11:44:41 HomePage:69 :getCountH1inThePage - message:Count element H1 on the page
[INFO ] 2024-04-02 11:44:43 HomePage:69 :getCountH1inThePage - message:Count element H1 on the page
[INFO ] 2024-04-02 11:44:46 HomePage:69 :getCountH1inThePage - message:Count element H1 on the page
[INFO ] 2024-04-02 11:44:49 HomePage:69 :getCountH1inThePage - message:Count element H1 on the page
[INFO ] 2024-04-02 11:44:52 HomePage:69 :getCountH1inThePage - message:Count element H1 on the page
[INFO ] 2024-04-02 11:44:55 HomePage:69 :getCountH1inThePage - message:Count element H1 on the page
[INFO ] 2024-04-02 11:44:58 HomePage:69 :getCountH1inThePage - message:Count element H1 on the page
[INFO ] 2024-04-02 11:45:01 HomePage:69 :getCountH1inThePage - message:Count element H1 on the page
[INFO ] 2024-04-02 11:45:05 HomePage:69 :getCountH1inThePage - message:Count element H1 on the page
[INFO ] 2024-04-02 11:45:08 HomePage:69 :getCountH1inThePage - message:Count element H1 on the page
[INFO ] 2024-04-02 11:45:11 HomePage:69 :getCountH1inThePage - message:Count element H1 on the page
[INFO ] 2024-04-02 11:45:13 HomePage:69 :getCountH1inThePage - message:Count element H1 on the page
[INFO ] 2024-04-02 11:45:16 HomePage:69 :getCountH1inThePage - message:Count element H1 on the page
[INFO ] 2024-04-02 11:45:19 HomePage:69 :getCountH1inThePage - message:Count element H1 on the page
[INFO ] 2024-04-02 11:45:22 HomePage:69 :getCountH1inThePage - message:Count element H1 on the page
[INFO ] 2024-04-02 11:45:25 HomePage:69 :getCountH1inThePage - message:Count element H1 on the page
[INFO ] 2024-04-02 11:45:28 HomePage:69 :getCountH1inThePage - message:Count element H1 on the page
[INFO ] 2024-04-02 11:45:31 HomePage:69 :getCountH1inThePage - message:Count element H1 on the page
[INFO ] 2024-04-02 11:45:34 HomePage:69 :getCountH1inThePage - message:Count element H1 on the page
[INFO ] 2024-04-02 11:45:37 HomePage:69 :getCountH1inThePage - message:Count element H1 on the page
[INFO ] 2024-04-02 11:45:40 HomePage:69 :getCountH1inThePage - message:Count element H1 on the page
[INFO ] 2024-04-02 11:45:43 HomePage:69 :getCountH1inThePage - message:Count element H1 on the page
[INFO ] 2024-04-02 11:45:46 HomePage:69 :getCountH1inThePage - message:Count element H1 on the page
[INFO ] 2024-04-02 11:45:48 HomePage:69 :getCountH1inThePage - message:Count element H1 on the page
[INFO ] 2024-04-02 11:45:52 HomePage:69 :getCountH1inThePage - message:Count element H1 on the page
[INFO ] 2024-04-02 11:45:55 HomePage:69 :getCountH1inThePage - message:Count element H1 on the page
[INFO ] 2024-04-02 11:45:58 HomePage:69 :getCountH1inThePage - message:Count element H1 on the page
[INFO ] 2024-04-02 11:46:01 HomePage:69 :getCountH1inThePage - message:Count element H1 on the page
[INFO ] 2024-04-02 11:46:04 HomePage:69 :getCountH1inThePage - message:Count element H1 on the page
[INFO ] 2024-04-02 11:46:07 HomePage:69 :getCountH1inThePage - message:Count element H1 on the page
[INFO ] 2024-04-02 11:46:10 HomePage:69 :getCountH1inThePage - message:Count element H1 on the page
[INFO ] 2024-04-02 11:46:14 HomePage:69 :getCountH1inThePage - message:Count element H1 on the page
[INFO ] 2024-04-02 11:46:17 HomePage:69 :getCountH1inThePage - message:Count element H1 on the page
[INFO ] 2024-04-02 11:46:20 HomePage:69 :getCountH1inThePage - message:Count element H1 on the page
[INFO ] 2024-04-02 11:46:24 HomePage:69 :getCountH1inThePage - message:Count element H1 on the page
]]></system-out>
  </testcase>
  <testcase name="checkShouldNotHaveHorizontalScrollbar" classname="FirstTest" time="0.016">
    <system-out><![CDATA[[INFO ] 2024-04-02 11:46:24 WebDriverManager:1239 :resolveDriverVersion - message:Using chromedriver 123.0.6312.86 (resolved driver for Chrome 123)
[INFO ] 2024-04-02 11:46:24 WebDriverManager:1301 :exportDriver - message:Exporting webdriver.chrome.driver as C:\Users\Aguka\.cache\selenium\chromedriver\win64\123.0.6312.86\chromedriver.exe
]]></system-out>
    <system-err><![CDATA[Apr 02, 2024 11:46:24 AM org.openqa.selenium.remote.service.DriverService$Builder getLogOutput
INFO: Driver logs no longer sent to console by default; https://www.selenium.dev/documentation/webdriver/drivers/service/#setting-log-output
Apr 02, 2024 11:46:25 AM org.openqa.selenium.devtools.CdpVersionFinder findNearestMatch
WARNING: Unable to find CDP implementation matching 123
Apr 02, 2024 11:46:25 AM org.openqa.selenium.chromium.ChromiumDriver lambda$new$4
WARNING: Unable to find version of CDP to use for . You may need to include a dependency on a specific version of the CDP using something similar to `org.seleniumhq.selenium:selenium-devtools-v86:4.10.0` where the version ("v86") matches the version of the chromium-based browser you're using and the version number of the artifact is the same as Selenium's.
]]></system-err>
  </testcase>
  <testcase name="getAllUrl" classname="FirstTest" time="2.978">
    <system-out><![CDATA[[INFO ] 2024-04-02 11:46:28 WebDriverManager:1239 :resolveDriverVersion - message:Using chromedriver 123.0.6312.86 (resolved driver for Chrome 123)
[INFO ] 2024-04-02 11:46:28 WebDriverManager:1301 :exportDriver - message:Exporting webdriver.chrome.driver as C:\Users\Aguka\.cache\selenium\chromedriver\win64\123.0.6312.86\chromedriver.exe
[INFO ] 2024-04-02 11:46:31 HomePage:54 :getAllPageUrls - message:Get all urls from home page
[https://piddubnyi.devocean.pro/shop/sale/medik7-%d0%b0%d0%bd%d1%82%d0%b8%d0%b2%d1%96%d0%ba%d0%be%d0%b2%d0%b8%d0%b9-%d0%b7%d0%b2%d0%be%d0%bb%d0%be%d0%b6%d1%83%d0%b2%d0%b0%d0%bb%d1%8c%d0%bd%d0%b8%d0%b9-%d0%ba%d1%80%d0%b5%d0%bc-%d1%96%d0%b7-spf, https://piddubnyi.devocean.pro/product-category/body-category, https://piddubnyi.devocean.pro/#popup-menu, https://piddubnyi.devocean.pro/privacy-policy, https://piddubnyi.devocean.pro/brands, https://piddubnyi.devocean.pro/product-category/face-category/means-facial-exfoliation, https://piddubnyi.devocean.pro/product-category/top, https://piddubnyi.devocean.pro, https://piddubnyi.devocean.pro/product-category/hair-category/all-means-hair, https://piddubnyi.devocean.pro/offer, https://piddubnyi.devocean.pro/product-category/kits-category, https://piddubnyi.devocean.pro/contacts, https://piddubnyi.devocean.pro/our-services, https://piddubnyi.devocean.pro/product-category/hair-category/hair-masks, https://piddubnyi.devocean.pro/#page-main, https://piddubnyi.devocean.pro/about-us, https://piddubnyi.devocean.pro/#popup-mini-cart, https://piddubnyi.devocean.pro/product-category/sale, https://piddubnyi.devocean.pro/product-category/face-category/face-serums, https://piddubnyi.devocean.pro/shop/sale/medik8-%d0%be%d0%bc%d0%be%d0%bb%d0%be%d0%b4%d0%b6%d1%83%d0%b2%d0%b0%d0%bb%d1%8c%d0%bd%d0%b8%d0%b9-%d0%b2%d1%96%d0%b4%d0%bd%d0%be%d0%b2%d0%bb%d1%8e%d0%b2%d0%b0%d0%bb%d1%8c%d0%bd%d0%b8%d0%b9-%d0%ba-3, https://piddubnyi.devocean.pro/product-category/body-category/hydration, https://piddubnyi.devocean.pro/shop/sale/medik8-%d0%be%d0%bc%d0%be%d0%bb%d0%be%d0%b4%d0%b6%d1%83%d0%b2%d0%b0%d0%bb%d1%8c%d0%bd%d0%b8%d0%b9-%d0%b2%d1%96%d0%b4%d0%bd%d0%be%d0%b2%d0%bb%d1%8e%d0%b2%d0%b0%d0%bb%d1%8c%d0%bd%d0%b8%d0%b9-%d0%ba-4, https://piddubnyi.devocean.pro/product-category/body-category/all-means-body, https://piddubnyi.devocean.pro/shop/sale/medik8-%d0%be%d0%bc%d0%be%d0%bb%d0%be%d0%b4%d0%b6%d1%83%d0%b2%d0%b0%d0%bb%d1%8c%d0%bd%d0%b8%d0%b9-%d0%b2%d1%96%d0%b4%d0%bd%d0%be%d0%b2%d0%bb%d1%8e%d0%b2%d0%b0%d0%bb%d1%8c%d0%bd%d0%b8%d0%b9-%d0%ba-2, https://piddubnyi.devocean.pro/product-category/hair-category, https://piddubnyi.devocean.pro/faq, https://piddubnyi.devocean.pro/#, https://piddubnyi.devocean.pro/product-category/hair-category/leave-in-hair-products, https://piddubnyi.devocean.pro/shop/hair-category/conditioners/%d0%ba%d0%be%d0%bf%d1%96%d1%8fwhat-is-lorem-ipsum-2, https://piddubnyi.devocean.pro/product-category/body-category/cleaning, https://piddubnyi.devocean.pro/product-category/body-category/scrubs-and-peelings, https://piddubnyi.devocean.pro/my-account/edit-account, https://piddubnyi.devocean.pro/product-category/face-category/face-masks, https://piddubnyi.devocean.pro/shop/hair-category/conditioners/what-is-lorem-ipsum, https://piddubnyi.devocean.pro/product-category/hair-category/shampoos, https://piddubnyi.devocean.pro/product-category/face-category/face-creams, https://piddubnyi.devocean.pro/blog, https://piddubnyi.devocean.pro/cart, https://piddubnyi.devocean.pro/product-category/face-category/all-means, https://piddubnyi.devocean.pro/product-category/face-category/sun-protection, https://piddubnyi.devocean.pro/product-category/face-category/products-skin-around-eyes, https://piddubnyi.devocean.pro/my-account, https://piddubnyi.devocean.pro/site-rules, https://piddubnyi.devocean.pro/shop/sale/medik8-%d0%be%d0%bc%d0%be%d0%bb%d0%be%d0%b4%d0%b6%d1%83%d0%b2%d0%b0%d0%bb%d1%8c%d0%bd%d0%b8%d0%b9-%d0%b2%d1%96%d0%b4%d0%bd%d0%be%d0%b2%d0%bb%d1%8e%d0%b2%d0%b0%d0%bb%d1%8c%d0%bd%d0%b8%d0%b9-%d0%ba, https://piddubnyi.devocean.pro/wish-list, https://piddubnyi.devocean.pro/product-category/face-category, https://piddubnyi.devocean.pro/product-category/face-category/means-for-toning-face, https://piddubnyi.devocean.pro/delivery-and-payment, https://piddubnyi.devocean.pro/product-category/hair-category/conditioners, https://piddubnyi.devocean.pro/shop]
[INFO ] 2024-04-02 11:46:33 HomePage:54 :getAllPageUrls - message:Get all urls from home page
50
]]></system-out>
    <system-err><![CDATA[Apr 02, 2024 11:46:28 AM org.openqa.selenium.remote.service.DriverService$Builder getLogOutput
INFO: Driver logs no longer sent to console by default; https://www.selenium.dev/documentation/webdriver/drivers/service/#setting-log-output
Apr 02, 2024 11:46:28 AM org.openqa.selenium.devtools.CdpVersionFinder findNearestMatch
WARNING: Unable to find CDP implementation matching 123
Apr 02, 2024 11:46:28 AM org.openqa.selenium.chromium.ChromiumDriver lambda$new$4
WARNING: Unable to find version of CDP to use for . You may need to include a dependency on a specific version of the CDP using something similar to `org.seleniumhq.selenium:selenium-devtools-v86:4.10.0` where the version ("v86") matches the version of the chromium-based browser you're using and the version number of the artifact is the same as Selenium's.
]]></system-err>
  </testcase>
  <testcase name="isPresentContactUsPage" classname="FirstTest" time="2.138">
    <failure message="expected [vhvhj] but found [КОНТАКТИ]" type="java.lang.AssertionError"><![CDATA[java.lang.AssertionError: expected [vhvhj] but found [КОНТАКТИ]
	at org.testng.Assert.fail(Assert.java:110)
	at org.testng.Assert.failNotEquals(Assert.java:1577)
	at org.testng.Assert.assertEqualsImpl(Assert.java:149)
	at org.testng.Assert.assertEquals(Assert.java:131)
	at org.testng.Assert.assertEquals(Assert.java:655)
	at org.testng.Assert.assertEquals(Assert.java:665)
	at FirstTest.isPresentContactUsPage(FirstTest.java:70)
	at java.base/jdk.internal.reflect.NativeMethodAccessorImpl.invoke0(Native Method)
	at java.base/jdk.internal.reflect.NativeMethodAccessorImpl.invoke(NativeMethodAccessorImpl.java:77)
	at java.base/jdk.internal.reflect.DelegatingMethodAccessorImpl.invoke(DelegatingMethodAccessorImpl.java:43)
	at java.base/java.lang.reflect.Method.invoke(Method.java:568)
	at org.testng.internal.invokers.MethodInvocationHelper.invokeMethod(MethodInvocationHelper.java:139)
	at org.testng.internal.invokers.TestInvoker.invokeMethod(TestInvoker.java:677)
	at org.testng.internal.invokers.TestInvoker.invokeTestMethod(TestInvoker.java:221)
	at org.testng.internal.invokers.MethodRunner.runInSequence(MethodRunner.java:50)
	at org.testng.internal.invokers.TestInvoker$MethodInvocationAgent.invoke(TestInvoker.java:969)
	at org.testng.internal.invokers.TestInvoker.invokeTestMethods(TestInvoker.java:194)
	at org.testng.internal.invokers.TestMethodWorker.invokeTestMethods(TestMethodWorker.java:148)
	at org.testng.internal.invokers.TestMethodWorker.run(TestMethodWorker.java:128)
	at java.base/java.util.concurrent.ThreadPoolExecutor.runWorker(ThreadPoolExecutor.java:1136)
	at java.base/java.util.concurrent.ThreadPoolExecutor$Worker.run(ThreadPoolExecutor.java:635)
	at java.base/java.lang.Thread.run(Thread.java:833)
]]></failure>
    <system-out><![CDATA[[INFO ] 2024-04-02 11:46:34 WebDriverManager:1239 :resolveDriverVersion - message:Using chromedriver 123.0.6312.86 (resolved driver for Chrome 123)
[INFO ] 2024-04-02 11:46:34 WebDriverManager:1301 :exportDriver - message:Exporting webdriver.chrome.driver as C:\Users\Aguka\.cache\selenium\chromedriver\win64\123.0.6312.86\chromedriver.exe
]]></system-out>
    <system-err><![CDATA[Apr 02, 2024 11:46:34 AM org.openqa.selenium.remote.service.DriverService$Builder getLogOutput
INFO: Driver logs no longer sent to console by default; https://www.selenium.dev/documentation/webdriver/drivers/service/#setting-log-output
Apr 02, 2024 11:46:35 AM org.openqa.selenium.devtools.CdpVersionFinder findNearestMatch
WARNING: Unable to find CDP implementation matching 123
Apr 02, 2024 11:46:35 AM org.openqa.selenium.chromium.ChromiumDriver lambda$new$4
WARNING: Unable to find version of CDP to use for . You may need to include a dependency on a specific version of the CDP using something similar to `org.seleniumhq.selenium:selenium-devtools-v86:4.10.0` where the version ("v86") matches the version of the chromium-based browser you're using and the version number of the artifact is the same as Selenium's.
]]></system-err>
  </testcase>
  <testcase name="isPresentLorenIpsonTest" classname="FirstTest" time="145.768">
    <failure message="expected [false] but found [true]" type="java.lang.AssertionError"><![CDATA[java.lang.AssertionError: expected [false] but found [true]
	at org.testng.Assert.fail(Assert.java:110)
	at org.testng.Assert.failNotEquals(Assert.java:1577)
	at org.testng.Assert.assertFalse(Assert.java:78)
	at org.testng.Assert.assertFalse(Assert.java:88)
	at FirstTest.isPresentLorenIpsonTest(FirstTest.java:61)
	at java.base/jdk.internal.reflect.NativeMethodAccessorImpl.invoke0(Native Method)
	at java.base/jdk.internal.reflect.NativeMethodAccessorImpl.invoke(NativeMethodAccessorImpl.java:77)
	at java.base/jdk.internal.reflect.DelegatingMethodAccessorImpl.invoke(DelegatingMethodAccessorImpl.java:43)
	at java.base/java.lang.reflect.Method.invoke(Method.java:568)
	at org.testng.internal.invokers.MethodInvocationHelper.invokeMethod(MethodInvocationHelper.java:139)
	at org.testng.internal.invokers.TestInvoker.invokeMethod(TestInvoker.java:677)
	at org.testng.internal.invokers.TestInvoker.invokeTestMethod(TestInvoker.java:221)
	at org.testng.internal.invokers.MethodRunner.runInSequence(MethodRunner.java:50)
	at org.testng.internal.invokers.TestInvoker$MethodInvocationAgent.invoke(TestInvoker.java:969)
	at org.testng.internal.invokers.TestInvoker.invokeTestMethods(TestInvoker.java:194)
	at org.testng.internal.invokers.TestMethodWorker.invokeTestMethods(TestMethodWorker.java:148)
	at org.testng.internal.invokers.TestMethodWorker.run(TestMethodWorker.java:128)
	at java.base/java.util.concurrent.ThreadPoolExecutor.runWorker(ThreadPoolExecutor.java:1136)
	at java.base/java.util.concurrent.ThreadPoolExecutor$Worker.run(ThreadPoolExecutor.java:635)
	at java.base/java.lang.Thread.run(Thread.java:833)
]]></failure>
    <system-out><![CDATA[[INFO ] 2024-04-02 11:46:39 WebDriverManager:1239 :resolveDriverVersion - message:Using chromedriver 123.0.6312.86 (resolved driver for Chrome 123)
[INFO ] 2024-04-02 11:46:39 WebDriverManager:1301 :exportDriver - message:Exporting webdriver.chrome.driver as C:\Users\Aguka\.cache\selenium\chromedriver\win64\123.0.6312.86\chromedriver.exe
[INFO ] 2024-04-02 11:46:42 HomePage:54 :getAllPageUrls - message:Get all urls from home page
Слова 'Lorem Ipsum' знайдено на сторінці: https://piddubnyi.devocean.pro/shop/sale/medik7-%d0%b0%d0%bd%d1%82%d0%b8%d0%b2%d1%96%d0%ba%d0%be%d0%b2%d0%b8%d0%b9-%d0%b7%d0%b2%d0%be%d0%bb%d0%be%d0%b6%d1%83%d0%b2%d0%b0%d0%bb%d1%8c%d0%bd%d0%b8%d0%b9-%d0%ba%d1%80%d0%b5%d0%bc-%d1%96%d0%b7-spf
Слова 'Lorem Ipsum' знайдено на сторінці: https://piddubnyi.devocean.pro/#popup-menu
Слова 'Lorem Ipsum' знайдено на сторінці: https://piddubnyi.devocean.pro
Слова 'Lorem Ipsum' знайдено на сторінці: https://piddubnyi.devocean.pro/#page-main
Слова 'Lorem Ipsum' знайдено на сторінці: https://piddubnyi.devocean.pro/#popup-mini-cart
Слова 'Lorem Ipsum' знайдено на сторінці: https://piddubnyi.devocean.pro/product-category/sale
Слова 'Lorem Ipsum' знайдено на сторінці: https://piddubnyi.devocean.pro/shop/sale/medik8-%d0%be%d0%bc%d0%be%d0%bb%d0%be%d0%b4%d0%b6%d1%83%d0%b2%d0%b0%d0%bb%d1%8c%d0%bd%d0%b8%d0%b9-%d0%b2%d1%96%d0%b4%d0%bd%d0%be%d0%b2%d0%bb%d1%8e%d0%b2%d0%b0%d0%bb%d1%8c%d0%bd%d0%b8%d0%b9-%d0%ba-3
Слова 'Lorem Ipsum' знайдено на сторінці: https://piddubnyi.devocean.pro/shop/sale/medik8-%d0%be%d0%bc%d0%be%d0%bb%d0%be%d0%b4%d0%b6%d1%83%d0%b2%d0%b0%d0%bb%d1%8c%d0%bd%d0%b8%d0%b9-%d0%b2%d1%96%d0%b4%d0%bd%d0%be%d0%b2%d0%bb%d1%8e%d0%b2%d0%b0%d0%bb%d1%8c%d0%bd%d0%b8%d0%b9-%d0%ba-4
Слова 'Lorem Ipsum' знайдено на сторінці: https://piddubnyi.devocean.pro/shop/sale/medik8-%d0%be%d0%bc%d0%be%d0%bb%d0%be%d0%b4%d0%b6%d1%83%d0%b2%d0%b0%d0%bb%d1%8c%d0%bd%d0%b8%d0%b9-%d0%b2%d1%96%d0%b4%d0%bd%d0%be%d0%b2%d0%bb%d1%8e%d0%b2%d0%b0%d0%bb%d1%8c%d0%bd%d0%b8%d0%b9-%d0%ba-2
Слова 'Lorem Ipsum' знайдено на сторінці: https://piddubnyi.devocean.pro/product-category/hair-category
Слова 'Lorem Ipsum' знайдено на сторінці: https://piddubnyi.devocean.pro/#
Слова 'Lorem Ipsum' знайдено на сторінці: https://piddubnyi.devocean.pro/shop/hair-category/conditioners/%d0%ba%d0%be%d0%bf%d1%96%d1%8fwhat-is-lorem-ipsum-2
Слова 'Lorem Ipsum' знайдено на сторінці: https://piddubnyi.devocean.pro/product-category/body-category/cleaning
Слова 'Lorem Ipsum' знайдено на сторінці: https://piddubnyi.devocean.pro/product-category/body-category/scrubs-and-peelings
Слова 'Lorem Ipsum' знайдено на сторінці: https://piddubnyi.devocean.pro/product-category/face-category/face-masks
Слова 'Lorem Ipsum' знайдено на сторінці: https://piddubnyi.devocean.pro/shop/hair-category/conditioners/what-is-lorem-ipsum
Слова 'Lorem Ipsum' знайдено на сторінці: https://piddubnyi.devocean.pro/product-category/hair-category/shampoos
Слова 'Lorem Ipsum' знайдено на сторінці: https://piddubnyi.devocean.pro/product-category/face-category/face-creams
Слова 'Lorem Ipsum' знайдено на сторінці: https://piddubnyi.devocean.pro/product-category/face-category/all-means
Слова 'Lorem Ipsum' знайдено на сторінці: https://piddubnyi.devocean.pro/product-category/face-category/sun-protection
Слова 'Lorem Ipsum' знайдено на сторінці: https://piddubnyi.devocean.pro/product-category/face-category/products-skin-around-eyes
Слова 'Lorem Ipsum' знайдено на сторінці: https://piddubnyi.devocean.pro/shop/sale/medik8-%d0%be%d0%bc%d0%be%d0%bb%d0%be%d0%b4%d0%b6%d1%83%d0%b2%d0%b0%d0%bb%d1%8c%d0%bd%d0%b8%d0%b9-%d0%b2%d1%96%d0%b4%d0%bd%d0%be%d0%b2%d0%bb%d1%8e%d0%b2%d0%b0%d0%bb%d1%8c%d0%bd%d0%b8%d0%b9-%d0%ba
Слова 'Lorem Ipsum' знайдено на сторінці: https://piddubnyi.devocean.pro/product-category/face-category
Слова 'Lorem Ipsum' знайдено на сторінці: https://piddubnyi.devocean.pro/product-category/face-category/means-for-toning-face
Слова 'Lorem Ipsum' знайдено на сторінці: https://piddubnyi.devocean.pro/product-category/hair-category/conditioners
Слова 'Lorem Ipsum' знайдено на сторінці: https://piddubnyi.devocean.pro/shop
]]></system-out>
    <system-err><![CDATA[Apr 02, 2024 11:46:39 AM org.openqa.selenium.remote.service.DriverService$Builder getLogOutput
INFO: Driver logs no longer sent to console by default; https://www.selenium.dev/documentation/webdriver/drivers/service/#setting-log-output
Apr 02, 2024 11:46:40 AM org.openqa.selenium.devtools.CdpVersionFinder findNearestMatch
WARNING: Unable to find CDP implementation matching 123
Apr 02, 2024 11:46:40 AM org.openqa.selenium.chromium.ChromiumDriver lambda$new$4
WARNING: Unable to find version of CDP to use for . You may need to include a dependency on a specific version of the CDP using something similar to `org.seleniumhq.selenium:selenium-devtools-v86:4.10.0` where the version ("v86") matches the version of the chromium-based browser you're using and the version number of the artifact is the same as Selenium's.
]]></system-err>
  </testcase>
  <testcase name="isPresentSearchPageTest" classname="FirstTest" time="3.235">
    <system-out><![CDATA[[INFO ] 2024-04-02 11:49:08 WebDriverManager:1239 :resolveDriverVersion - message:Using chromedriver 123.0.6312.86 (resolved driver for Chrome 123)
[INFO ] 2024-04-02 11:49:08 WebDriverManager:1301 :exportDriver - message:Exporting webdriver.chrome.driver as C:\Users\Aguka\.cache\selenium\chromedriver\win64\123.0.6312.86\chromedriver.exe
[INFO ] 2024-04-02 11:49:11 HomePage:109 :openSearchPage - message:Open search page
[INFO ] 2024-04-02 11:49:13 HomePage:115 :isPresentSearchPage - message:Input search is enabled
[INFO ] 2024-04-02 11:49:13 HomePage:109 :openSearchPage - message:Open search page
[INFO ] 2024-04-02 11:49:15 HomePage:115 :isPresentSearchPage - message:Input search is enabled
]]></system-out>
    <system-err><![CDATA[Apr 02, 2024 11:49:08 AM org.openqa.selenium.remote.service.DriverService$Builder getLogOutput
INFO: Driver logs no longer sent to console by default; https://www.selenium.dev/documentation/webdriver/drivers/service/#setting-log-output
Apr 02, 2024 11:49:09 AM org.openqa.selenium.devtools.CdpVersionFinder findNearestMatch
WARNING: Unable to find CDP implementation matching 123
Apr 02, 2024 11:49:09 AM org.openqa.selenium.chromium.ChromiumDriver lambda$new$4
WARNING: Unable to find version of CDP to use for . You may need to include a dependency on a specific version of the CDP using something similar to `org.seleniumhq.selenium:selenium-devtools-v86:4.10.0` where the version ("v86") matches the version of the chromium-based browser you're using and the version number of the artifact is the same as Selenium's.
]]></system-err>
  </testcase>
  <testcase name="isPresentValueAttributeAltImg" classname="FirstTest" time="1.012">
    <failure message="expected [true] but found [false]" type="java.lang.AssertionError"><![CDATA[java.lang.AssertionError: expected [true] but found [false]
	at org.testng.Assert.fail(Assert.java:110)
	at org.testng.Assert.failNotEquals(Assert.java:1577)
	at org.testng.Assert.assertTrue(Assert.java:56)
	at org.testng.Assert.assertTrue(Assert.java:66)
	at FirstTest.isPresentValueAttributeAltImg(FirstTest.java:53)
	at java.base/jdk.internal.reflect.NativeMethodAccessorImpl.invoke0(Native Method)
	at java.base/jdk.internal.reflect.NativeMethodAccessorImpl.invoke(NativeMethodAccessorImpl.java:77)
	at java.base/jdk.internal.reflect.DelegatingMethodAccessorImpl.invoke(DelegatingMethodAccessorImpl.java:43)
	at java.base/java.lang.reflect.Method.invoke(Method.java:568)
	at org.testng.internal.invokers.MethodInvocationHelper.invokeMethod(MethodInvocationHelper.java:139)
	at org.testng.internal.invokers.TestInvoker.invokeMethod(TestInvoker.java:677)
	at org.testng.internal.invokers.TestInvoker.invokeTestMethod(TestInvoker.java:221)
	at org.testng.internal.invokers.MethodRunner.runInSequence(MethodRunner.java:50)
	at org.testng.internal.invokers.TestInvoker$MethodInvocationAgent.invoke(TestInvoker.java:969)
	at org.testng.internal.invokers.TestInvoker.invokeTestMethods(TestInvoker.java:194)
	at org.testng.internal.invokers.TestMethodWorker.invokeTestMethods(TestMethodWorker.java:148)
	at org.testng.internal.invokers.TestMethodWorker.run(TestMethodWorker.java:128)
	at java.base/java.util.concurrent.ThreadPoolExecutor.runWorker(ThreadPoolExecutor.java:1136)
	at java.base/java.util.concurrent.ThreadPoolExecutor$Worker.run(ThreadPoolExecutor.java:635)
	at java.base/java.lang.Thread.run(Thread.java:833)
]]></failure>
    <system-out><![CDATA[[INFO ] 2024-04-02 11:49:15 WebDriverManager:1239 :resolveDriverVersion - message:Using chromedriver 123.0.6312.86 (resolved driver for Chrome 123)
[INFO ] 2024-04-02 11:49:15 WebDriverManager:1301 :exportDriver - message:Exporting webdriver.chrome.driver as C:\Users\Aguka\.cache\selenium\chromedriver\win64\123.0.6312.86\chromedriver.exe
[INFO ] 2024-04-02 11:49:18 HomePage:86 :isAltValue - message:Getting all value from element with attribute ALT
[, , , , , , Піддубний клініка, , , , , , , , , , , , , , , , , , , , , , , , , , , , , , , , , , , , , , , , , , , , , , , , , , (Копія)What is Lorem Ipsum? 2, What is Lorem Ipsum?, Medik8 Омолоджувальний відновлювальний крем для шкіри навколо очей, Medik7 Антивіковий зволожувальний крем із SPF 30 і 5-зірковим UVA-захистом, Medik8 Омолоджувальний відновлювальний крем для шкіри навколо очей, Medik8 Омолоджувальний відновлювальний крем для шкіри навколо очей, Medik8 Омолоджувальний відновлювальний крем для шкіри навколо очей, Medik8 Омолоджувальний відновлювальний крем для шкіри навколо очей, Medik7 Антивіковий зволожувальний крем із SPF 30 і 5-зірковим UVA-захистом, Medik8 Омолоджувальний відновлювальний крем для шкіри навколо очей, Medik8 Омолоджувальний відновлювальний крем для шкіри навколо очей, Medik8 Омолоджувальний відновлювальний крем для шкіри навколо очей, , , , , , , , , , , , , , , , , , , , , , , , , , , , , , , , , , , , , , , , , , , , , , , , , , , , , , , , , , , , , ]
[INFO ] 2024-04-02 11:49:19 HomePage:95 :isImagContainsAltValue - message:Verify all imag contain alt value 
]]></system-out>
    <system-err><![CDATA[Apr 02, 2024 11:49:15 AM org.openqa.selenium.remote.service.DriverService$Builder getLogOutput
INFO: Driver logs no longer sent to console by default; https://www.selenium.dev/documentation/webdriver/drivers/service/#setting-log-output
Apr 02, 2024 11:49:15 AM org.openqa.selenium.devtools.CdpVersionFinder findNearestMatch
WARNING: Unable to find CDP implementation matching 123
Apr 02, 2024 11:49:15 AM org.openqa.selenium.chromium.ChromiumDriver lambda$new$4
WARNING: Unable to find version of CDP to use for . You may need to include a dependency on a specific version of the CDP using something similar to `org.seleniumhq.selenium:selenium-devtools-v86:4.10.0` where the version ("v86") matches the version of the chromium-based browser you're using and the version number of the artifact is the same as Selenium's.
]]></system-err>
  </testcase>
</testsuite>